2014/03/06 05:33:05 [error] [exception.CException] exception 'CException' with message 'Alias "backend.components.FileCache" không có hiệu lực. Phải chắc chắn nó chỉ đến một tập tin PHP đã có.' in E:\Profiles\SmallOT\airbooking\web\source\vendors\yiisoft\yii\framework\YiiBase.php:322
Stack trace:
#0 E:\Profiles\SmallOT\airbooking\web\source\vendors\yiisoft\yii\framework\YiiBase.php(196): YiiBase::import('backend.compone...', true)
#1 E:\Profiles\SmallOT\airbooking\web\source\vendors\yiisoft\yii\framework\base\CModule.php(386): YiiBase::createComponent(Array)
#2 E:\Profiles\SmallOT\airbooking\web\source\vendors\yiisoft\yii\framework\web\CUrlManager.php(216): CModule->getComponent('cache')
#3 E:\Profiles\SmallOT\airbooking\web\source\vendors\yiisoft\yii\framework\web\CUrlManager.php(206): CUrlManager->processRules()
#4 E:\Profiles\SmallOT\airbooking\web\source\vendors\yiisoft\yii\framework\base\CModule.php(387): CUrlManager->init()
#5 E:\Profiles\SmallOT\airbooking\web\source\vendors\yiisoft\yii\framework\base\CApplication.php(522): CModule->getComponent('urlManager')
#6 E:\Profiles\SmallOT\airbooking\web\source\vendors\yiisoft\yii\framework\web\CWebApplication.php(140): CApplication->getUrlManager()
#7 E:\Profiles\SmallOT\airbooking\web\source\vendors\yiisoft\yii\framework\base\CApplication.php(180): CWebApplication->processRequest()
#8 E:\Profiles\SmallOT\airbooking\web\index.php(15): CApplication->run()
#9 {main}
REQUEST_URI=/
---
2014/03/06 05:33:32 [error] [php] include(EMongoDbHttpSession.php) [<a href='function.include'>function.include</a>]: failed to open stream: No such file or directory (E:\Profiles\SmallOT\airbooking\web\source\vendors\yiisoft\yii\framework\YiiBase.php:427)
Stack trace:
#0 E:\Profiles\SmallOT\airbooking\web\source\vendors\yiisoft\yii\framework\YiiBase.php(196): import()
#1 E:\Profiles\SmallOT\airbooking\web\source\vendors\yiisoft\yii\framework\base\CModule.php(386): createComponent()
#2 E:\Profiles\SmallOT\airbooking\web\source\vendors\yiisoft\yii\framework\base\CModule.php(103): CWebApplication->getComponent()
#3 E:\Profiles\SmallOT\airbooking\web\source\frontend\protected\components\WebUser.php(7): CWebApplication->__get()
#4 E:\Profiles\SmallOT\airbooking\web\source\vendors\yiisoft\yii\framework\base\CModule.php(387): WebUser->init()
#5 E:\Profiles\SmallOT\airbooking\web\source\vendors\yiisoft\yii\framework\base\CModule.php(103): CWebApplication->getComponent()
#6 E:\Profiles\SmallOT\airbooking\web\source\frontend\protected\components\Controller.php(44): CWebApplication->__get()
#7 E:\Profiles\SmallOT\airbooking\web\source\vendors\yiisoft\yii\framework\web\CWebApplication.php(281): SiteController->init()
#8 E:\Profiles\SmallOT\airbooking\web\source\vendors\yiisoft\yii\framework\web\CWebApplication.php(141): CWebApplication->runController()
#9 E:\Profiles\SmallOT\airbooking\web\source\vendors\yiisoft\yii\framework\base\CApplication.php(180): CWebApplication->processRequest()
#10 E:\Profiles\SmallOT\airbooking\web\index.php(15): CWebApplication->run()
REQUEST_URI=/
in E:\Profiles\SmallOT\airbooking\web\source\frontend\protected\components\WebUser.php (7)
in E:\Profiles\SmallOT\airbooking\web\source\frontend\protected\components\Controller.php (44)
in E:\Profiles\SmallOT\airbooking\web\index.php (15)
2014/03/06 05:33:33 [error] [php] include(EMongoDbHttpSession.php) [<a href='function.include'>function.include</a>]: failed to open stream: No such file or directory (E:\Profiles\SmallOT\airbooking\web\source\vendors\yiisoft\yii\framework\YiiBase.php:427)
Stack trace:
#0 E:\Profiles\SmallOT\airbooking\web\source\vendors\yiisoft\yii\framework\YiiBase.php(196): import()
#1 E:\Profiles\SmallOT\airbooking\web\source\vendors\yiisoft\yii\framework\base\CModule.php(386): createComponent()
#2 E:\Profiles\SmallOT\airbooking\web\source\vendors\yiisoft\yii\framework\base\CModule.php(103): CWebApplication->getComponent()
#3 E:\Profiles\SmallOT\airbooking\web\source\frontend\protected\components\WebUser.php(7): CWebApplication->__get()
#4 E:\Profiles\SmallOT\airbooking\web\source\vendors\yiisoft\yii\framework\base\CModule.php(387): WebUser->init()
#5 E:\Profiles\SmallOT\airbooking\web\source\vendors\yiisoft\yii\framework\base\CModule.php(103): CWebApplication->getComponent()
#6 E:\Profiles\SmallOT\airbooking\web\source\frontend\protected\components\Controller.php(44): CWebApplication->__get()
#7 E:\Profiles\SmallOT\airbooking\web\source\vendors\yiisoft\yii\framework\web\CWebApplication.php(281): SiteController->init()
#8 E:\Profiles\SmallOT\airbooking\web\source\vendors\yiisoft\yii\framework\web\CWebApplication.php(141): CWebApplication->runController()
#9 E:\Profiles\SmallOT\airbooking\web\source\vendors\yiisoft\yii\framework\base\CApplication.php(180): CWebApplication->processRequest()
#10 E:\Profiles\SmallOT\airbooking\web\index.php(15): CWebApplication->run()
REQUEST_URI=/
in E:\Profiles\SmallOT\airbooking\web\source\frontend\protected\components\WebUser.php (7)
in E:\Profiles\SmallOT\airbooking\web\source\frontend\protected\components\Controller.php (44)
in E:\Profiles\SmallOT\airbooking\web\index.php (15)
2014/03/06 05:33:52 [error] [php] include(SystemSetting.php) [<a href='function.include'>function.include</a>]: failed to open stream: No such file or directory (E:\Profiles\SmallOT\airbooking\web\source\vendors\yiisoft\yii\framework\YiiBase.php:427)
Stack trace:
#0 E:\Profiles\SmallOT\airbooking\web\source\frontend\protected\components\Controller.php(47): spl_autoload_call()
#1 E:\Profiles\SmallOT\airbooking\web\source\vendors\yiisoft\yii\framework\web\CWebApplication.php(281): SiteController->init()
#2 E:\Profiles\SmallOT\airbooking\web\source\vendors\yiisoft\yii\framework\web\CWebApplication.php(141): CWebApplication->runController()
#3 E:\Profiles\SmallOT\airbooking\web\source\vendors\yiisoft\yii\framework\base\CApplication.php(180): CWebApplication->processRequest()
#4 E:\Profiles\SmallOT\airbooking\web\index.php(15): CWebApplication->run()
REQUEST_URI=/
in E:\Profiles\SmallOT\airbooking\web\source\frontend\protected\components\Controller.php (47)
in E:\Profiles\SmallOT\airbooking\web\index.php (15)
2014/03/06 05:33:53 [error] [php] include(SystemSetting.php) [<a href='function.include'>function.include</a>]: failed to open stream: No such file or directory (E:\Profiles\SmallOT\airbooking\web\source\vendors\yiisoft\yii\framework\YiiBase.php:427)
Stack trace:
#0 E:\Profiles\SmallOT\airbooking\web\source\frontend\protected\components\Controller.php(47): spl_autoload_call()
#1 E:\Profiles\SmallOT\airbooking\web\source\vendors\yiisoft\yii\framework\web\CWebApplication.php(281): SiteController->init()
#2 E:\Profiles\SmallOT\airbooking\web\source\vendors\yiisoft\yii\framework\web\CWebApplication.php(141): CWebApplication->runController()
#3 E:\Profiles\SmallOT\airbooking\web\source\vendors\yiisoft\yii\framework\base\CApplication.php(180): CWebApplication->processRequest()
#4 E:\Profiles\SmallOT\airbooking\web\index.php(15): CWebApplication->run()
REQUEST_URI=/
in E:\Profiles\SmallOT\airbooking\web\source\frontend\protected\components\Controller.php (47)
in E:\Profiles\SmallOT\airbooking\web\index.php (15)
2014/03/06 05:33:53 [error] [php] include(SystemSetting.php) [<a href='function.include'>function.include</a>]: failed to open stream: No such file or directory (E:\Profiles\SmallOT\airbooking\web\source\vendors\yiisoft\yii\framework\YiiBase.php:427)
Stack trace:
#0 E:\Profiles\SmallOT\airbooking\web\source\frontend\protected\components\Controller.php(47): spl_autoload_call()
#1 E:\Profiles\SmallOT\airbooking\web\source\vendors\yiisoft\yii\framework\web\CWebApplication.php(281): SiteController->init()
#2 E:\Profiles\SmallOT\airbooking\web\source\vendors\yiisoft\yii\framework\web\CWebApplication.php(141): CWebApplication->runController()
#3 E:\Profiles\SmallOT\airbooking\web\source\vendors\yiisoft\yii\framework\base\CApplication.php(180): CWebApplication->processRequest()
#4 E:\Profiles\SmallOT\airbooking\web\index.php(15): CWebApplication->run()
REQUEST_URI=/
in E:\Profiles\SmallOT\airbooking\web\source\frontend\protected\components\Controller.php (47)
in E:\Profiles\SmallOT\airbooking\web\index.php (15)
2014/03/06 05:33:53 [error] [php] include(SystemSetting.php) [<a href='function.include'>function.include</a>]: failed to open stream: No such file or directory (E:\Profiles\SmallOT\airbooking\web\source\vendors\yiisoft\yii\framework\YiiBase.php:427)
Stack trace:
#0 E:\Profiles\SmallOT\airbooking\web\source\frontend\protected\components\Controller.php(47): spl_autoload_call()
#1 E:\Profiles\SmallOT\airbooking\web\source\vendors\yiisoft\yii\framework\web\CWebApplication.php(281): SiteController->init()
#2 E:\Profiles\SmallOT\airbooking\web\source\vendors\yiisoft\yii\framework\web\CWebApplication.php(141): CWebApplication->runController()
#3 E:\Profiles\SmallOT\airbooking\web\source\vendors\yiisoft\yii\framework\base\CApplication.php(180): CWebApplication->processRequest()
#4 E:\Profiles\SmallOT\airbooking\web\index.php(15): CWebApplication->run()
REQUEST_URI=/
in E:\Profiles\SmallOT\airbooking\web\source\frontend\protected\components\Controller.php (47)
in E:\Profiles\SmallOT\airbooking\web\index.php (15)
2014/03/06 05:33:54 [error] [php] include(SystemSetting.php) [<a href='function.include'>function.include</a>]: failed to open stream: No such file or directory (E:\Profiles\SmallOT\airbooking\web\source\vendors\yiisoft\yii\framework\YiiBase.php:427)
Stack trace:
#0 E:\Profiles\SmallOT\airbooking\web\source\frontend\protected\components\Controller.php(47): spl_autoload_call()
#1 E:\Profiles\SmallOT\airbooking\web\source\vendors\yiisoft\yii\framework\web\CWebApplication.php(281): SiteController->init()
#2 E:\Profiles\SmallOT\airbooking\web\source\vendors\yiisoft\yii\framework\web\CWebApplication.php(141): CWebApplication->runController()
#3 E:\Profiles\SmallOT\airbooking\web\source\vendors\yiisoft\yii\framework\base\CApplication.php(180): CWebApplication->processRequest()
#4 E:\Profiles\SmallOT\airbooking\web\index.php(15): CWebApplication->run()
REQUEST_URI=/
in E:\Profiles\SmallOT\airbooking\web\source\frontend\protected\components\Controller.php (47)
in E:\Profiles\SmallOT\airbooking\web\index.php (15)
2014/03/06 05:34:27 [error] [exception.CException] exception 'CException' with message 'Alias "frontend.widgets.imageSlider.ImageSlider" không có hiệu lực. Phải chắc chắn nó chỉ đến một tập tin PHP đã có.' in E:\Profiles\SmallOT\airbooking\web\source\vendors\yiisoft\yii\framework\YiiBase.php:322
Stack trace:
#0 E:\Profiles\SmallOT\airbooking\web\source\vendors\yiisoft\yii\framework\web\CWidgetFactory.php(146): YiiBase::import('frontend.widget...', true)
#1 E:\Profiles\SmallOT\airbooking\web\source\vendors\yiisoft\yii\framework\web\CBaseController.php(146): CWidgetFactory->createWidget(Object(SiteController), 'frontend.widget...', Array)
#2 E:\Profiles\SmallOT\airbooking\web\source\vendors\yiisoft\yii\framework\web\CBaseController.php(189): CBaseController->createWidget('frontend.widget...', Array)
#3 E:\Profiles\SmallOT\airbooking\web\source\frontend\protected\views\site\index.php(3): CBaseController->beginWidget('frontend.widget...', Array)
#4 E:\Profiles\SmallOT\airbooking\web\source\vendors\yiisoft\yii\framework\web\CBaseController.php(126): require('E:\Profiles\Sma...')
#5 E:\Profiles\SmallOT\airbooking\web\source\vendors\yiisoft\yii\framework\web\CBaseController.php(95): CBaseController->renderInternal('E:\Profiles\Sma...', NULL, true)
#6 E:\Profiles\SmallOT\airbooking\web\source\vendors\yiisoft\yii\framework\web\CController.php(869): CBaseController->renderFile('E:\Profiles\Sma...', NULL, true)
#7 E:\Profiles\SmallOT\airbooking\web\source\vendors\yiisoft\yii\framework\web\CController.php(782): CController->renderPartial('index', NULL, true)
#8 E:\Profiles\SmallOT\airbooking\web\source\frontend\protected\controllers\SiteController.php(24): CController->render('index')
#9 E:\Profiles\SmallOT\airbooking\web\source\vendors\yiisoft\yii\framework\web\actions\CInlineAction.php(49): SiteController->actionIndex()
#10 E:\Profiles\SmallOT\airbooking\web\source\vendors\yiisoft\yii\framework\web\CController.php(308): CInlineAction->runWithParams(Array)
#11 E:\Profiles\SmallOT\airbooking\web\source\vendors\yiisoft\yii\framework\web\CController.php(286): CController->runAction(Object(CInlineAction))
#12 E:\Profiles\SmallOT\airbooking\web\source\vendors\yiisoft\yii\framework\web\CController.php(265): CController->runActionWithFilters(Object(CInlineAction), Array)
#13 E:\Profiles\SmallOT\airbooking\web\source\vendors\yiisoft\yii\framework\web\CWebApplication.php(282): CController->run('')
#14 E:\Profiles\SmallOT\airbooking\web\source\vendors\yiisoft\yii\framework\web\CWebApplication.php(141): CWebApplication->runController('')
#15 E:\Profiles\SmallOT\airbooking\web\source\vendors\yiisoft\yii\framework\base\CApplication.php(180): CWebApplication->processRequest()
#16 E:\Profiles\SmallOT\airbooking\web\index.php(15): CApplication->run()
#17 {main}
REQUEST_URI=/
---
2014/03/06 05:34:43 [error] [exception.CException] exception 'CException' with message 'Alias "frontend.widgets.imageSlider.ImageSlider" không có hiệu lực. Phải chắc chắn nó chỉ đến một tập tin PHP đã có.' in E:\Profiles\SmallOT\airbooking\web\source\vendors\yiisoft\yii\framework\YiiBase.php:322
Stack trace:
#0 E:\Profiles\SmallOT\airbooking\web\source\vendors\yiisoft\yii\framework\web\CWidgetFactory.php(146): YiiBase::import('frontend.widget...', true)
#1 E:\Profiles\SmallOT\airbooking\web\source\vendors\yiisoft\yii\framework\web\CBaseController.php(146): CWidgetFactory->createWidget(Object(SiteController), 'frontend.widget...', Array)
#2 E:\Profiles\SmallOT\airbooking\web\source\vendors\yiisoft\yii\framework\web\CBaseController.php(189): CBaseController->createWidget('frontend.widget...', Array)
#3 E:\Profiles\SmallOT\airbooking\web\source\frontend\protected\views\site\index.php(3): CBaseController->beginWidget('frontend.widget...', Array)
#4 E:\Profiles\SmallOT\airbooking\web\source\vendors\yiisoft\yii\framework\web\CBaseController.php(126): require('E:\Profiles\Sma...')
#5 E:\Profiles\SmallOT\airbooking\web\source\vendors\yiisoft\yii\framework\web\CBaseController.php(95): CBaseController->renderInternal('E:\Profiles\Sma...', NULL, true)
#6 E:\Profiles\SmallOT\airbooking\web\source\vendors\yiisoft\yii\framework\web\CController.php(869): CBaseController->renderFile('E:\Profiles\Sma...', NULL, true)
#7 E:\Profiles\SmallOT\airbooking\web\source\vendors\yiisoft\yii\framework\web\CController.php(782): CController->renderPartial('index', NULL, true)
#8 E:\Profiles\SmallOT\airbooking\web\source\frontend\protected\controllers\SiteController.php(24): CController->render('index')
#9 E:\Profiles\SmallOT\airbooking\web\source\vendors\yiisoft\yii\framework\web\actions\CInlineAction.php(49): SiteController->actionIndex()
#10 E:\Profiles\SmallOT\airbooking\web\source\vendors\yiisoft\yii\framework\web\CController.php(308): CInlineAction->runWithParams(Array)
#11 E:\Profiles\SmallOT\airbooking\web\source\vendors\yiisoft\yii\framework\web\CController.php(286): CController->runAction(Object(CInlineAction))
#12 E:\Profiles\SmallOT\airbooking\web\source\vendors\yiisoft\yii\framework\web\CController.php(265): CController->runActionWithFilters(Object(CInlineAction), Array)
#13 E:\Profiles\SmallOT\airbooking\web\source\vendors\yiisoft\yii\framework\web\CWebApplication.php(282): CController->run('')
#14 E:\Profiles\SmallOT\airbooking\web\source\vendors\yiisoft\yii\framework\web\CWebApplication.php(141): CWebApplication->runController('')
#15 E:\Profiles\SmallOT\airbooking\web\source\vendors\yiisoft\yii\framework\base\CApplication.php(180): CWebApplication->processRequest()
#16 E:\Profiles\SmallOT\airbooking\web\index.php(15): CApplication->run()
#17 {main}
REQUEST_URI=/
---
2014/03/06 05:34:50 [error] [exception.CException] exception 'CException' with message 'Alias "frontend.widgets.imageSlider.ImageSlider" không có hiệu lực. Phải chắc chắn nó chỉ đến một tập tin PHP đã có.' in E:\Profiles\SmallOT\airbooking\web\source\vendors\yiisoft\yii\framework\YiiBase.php:322
Stack trace:
#0 E:\Profiles\SmallOT\airbooking\web\source\vendors\yiisoft\yii\framework\web\CWidgetFactory.php(146): YiiBase::import('frontend.widget...', true)
#1 E:\Profiles\SmallOT\airbooking\web\source\vendors\yiisoft\yii\framework\web\CBaseController.php(146): CWidgetFactory->createWidget(Object(SiteController), 'frontend.widget...', Array)
#2 E:\Profiles\SmallOT\airbooking\web\source\vendors\yiisoft\yii\framework\web\CBaseController.php(189): CBaseController->createWidget('frontend.widget...', Array)
#3 E:\Profiles\SmallOT\airbooking\web\source\frontend\protected\views\site\index.php(3): CBaseController->beginWidget('frontend.widget...', Array)
#4 E:\Profiles\SmallOT\airbooking\web\source\vendors\yiisoft\yii\framework\web\CBaseController.php(126): require('E:\Profiles\Sma...')
#5 E:\Profiles\SmallOT\airbooking\web\source\vendors\yiisoft\yii\framework\web\CBaseController.php(95): CBaseController->renderInternal('E:\Profiles\Sma...', NULL, true)
#6 E:\Profiles\SmallOT\airbooking\web\source\vendors\yiisoft\yii\framework\web\CController.php(869): CBaseController->renderFile('E:\Profiles\Sma...', NULL, true)
#7 E:\Profiles\SmallOT\airbooking\web\source\vendors\yiisoft\yii\framework\web\CController.php(782): CController->renderPartial('index', NULL, true)
#8 E:\Profiles\SmallOT\airbooking\web\source\frontend\protected\controllers\SiteController.php(24): CController->render('index')
#9 E:\Profiles\SmallOT\airbooking\web\source\vendors\yiisoft\yii\framework\web\actions\CInlineAction.php(49): SiteController->actionIndex()
#10 E:\Profiles\SmallOT\airbooking\web\source\vendors\yiisoft\yii\framework\web\CController.php(308): CInlineAction->runWithParams(Array)
#11 E:\Profiles\SmallOT\airbooking\web\source\vendors\yiisoft\yii\framework\web\CController.php(286): CController->runAction(Object(CInlineAction))
#12 E:\Profiles\SmallOT\airbooking\web\source\vendors\yiisoft\yii\framework\web\CController.php(265): CController->runActionWithFilters(Object(CInlineAction), Array)
#13 E:\Profiles\SmallOT\airbooking\web\source\vendors\yiisoft\yii\framework\web\CWebApplication.php(282): CController->run('')
#14 E:\Profiles\SmallOT\airbooking\web\source\vendors\yiisoft\yii\framework\web\CWebApplication.php(141): CWebApplication->runController('')
#15 E:\Profiles\SmallOT\airbooking\web\source\vendors\yiisoft\yii\framework\base\CApplication.php(180): CWebApplication->processRequest()
#16 E:\Profiles\SmallOT\airbooking\web\index.php(15): CApplication->run()
#17 {main}
REQUEST_URI=/
---
2014/03/06 05:34:51 [error] [exception.CException] exception 'CException' with message 'Alias "frontend.widgets.imageSlider.ImageSlider" không có hiệu lực. Phải chắc chắn nó chỉ đến một tập tin PHP đã có.' in E:\Profiles\SmallOT\airbooking\web\source\vendors\yiisoft\yii\framework\YiiBase.php:322
Stack trace:
#0 E:\Profiles\SmallOT\airbooking\web\source\vendors\yiisoft\yii\framework\web\CWidgetFactory.php(146): YiiBase::import('frontend.widget...', true)
#1 E:\Profiles\SmallOT\airbooking\web\source\vendors\yiisoft\yii\framework\web\CBaseController.php(146): CWidgetFactory->createWidget(Object(SiteController), 'frontend.widget...', Array)
#2 E:\Profiles\SmallOT\airbooking\web\source\vendors\yiisoft\yii\framework\web\CBaseController.php(189): CBaseController->createWidget('frontend.widget...', Array)
#3 E:\Profiles\SmallOT\airbooking\web\source\frontend\protected\views\site\index.php(3): CBaseController->beginWidget('frontend.widget...', Array)
#4 E:\Profiles\SmallOT\airbooking\web\source\vendors\yiisoft\yii\framework\web\CBaseController.php(126): require('E:\Profiles\Sma...')
#5 E:\Profiles\SmallOT\airbooking\web\source\vendors\yiisoft\yii\framework\web\CBaseController.php(95): CBaseController->renderInternal('E:\Profiles\Sma...', NULL, true)
#6 E:\Profiles\SmallOT\airbooking\web\source\vendors\yiisoft\yii\framework\web\CController.php(869): CBaseController->renderFile('E:\Profiles\Sma...', NULL, true)
#7 E:\Profiles\SmallOT\airbooking\web\source\vendors\yiisoft\yii\framework\web\CController.php(782): CController->renderPartial('index', NULL, true)
#8 E:\Profiles\SmallOT\airbooking\web\source\frontend\protected\controllers\SiteController.php(24): CController->render('index')
#9 E:\Profiles\SmallOT\airbooking\web\source\vendors\yiisoft\yii\framework\web\actions\CInlineAction.php(49): SiteController->actionIndex()
#10 E:\Profiles\SmallOT\airbooking\web\source\vendors\yiisoft\yii\framework\web\CController.php(308): CInlineAction->runWithParams(Array)
#11 E:\Profiles\SmallOT\airbooking\web\source\vendors\yiisoft\yii\framework\web\CController.php(286): CController->runAction(Object(CInlineAction))
#12 E:\Profiles\SmallOT\airbooking\web\source\vendors\yiisoft\yii\framework\web\CController.php(265): CController->runActionWithFilters(Object(CInlineAction), Array)
#13 E:\Profiles\SmallOT\airbooking\web\source\vendors\yiisoft\yii\framework\web\CWebApplication.php(282): CController->run('')
#14 E:\Profiles\SmallOT\airbooking\web\source\vendors\yiisoft\yii\framework\web\CWebApplication.php(141): CWebApplication->runController('')
#15 E:\Profiles\SmallOT\airbooking\web\source\vendors\yiisoft\yii\framework\base\CApplication.php(180): CWebApplication->processRequest()
#16 E:\Profiles\SmallOT\airbooking\web\index.php(15): CApplication->run()
#17 {main}
REQUEST_URI=/
---
2014/03/06 05:34:51 [error] [exception.CException] exception 'CException' with message 'Alias "frontend.widgets.imageSlider.ImageSlider" không có hiệu lực. Phải chắc chắn nó chỉ đến một tập tin PHP đã có.' in E:\Profiles\SmallOT\airbooking\web\source\vendors\yiisoft\yii\framework\YiiBase.php:322
Stack trace:
#0 E:\Profiles\SmallOT\airbooking\web\source\vendors\yiisoft\yii\framework\web\CWidgetFactory.php(146): YiiBase::import('frontend.widget...', true)
#1 E:\Profiles\SmallOT\airbooking\web\source\vendors\yiisoft\yii\framework\web\CBaseController.php(146): CWidgetFactory->createWidget(Object(SiteController), 'frontend.widget...', Array)
#2 E:\Profiles\SmallOT\airbooking\web\source\vendors\yiisoft\yii\framework\web\CBaseController.php(189): CBaseController->createWidget('frontend.widget...', Array)
#3 E:\Profiles\SmallOT\airbooking\web\source\frontend\protected\views\site\index.php(3): CBaseController->beginWidget('frontend.widget...', Array)
#4 E:\Profiles\SmallOT\airbooking\web\source\vendors\yiisoft\yii\framework\web\CBaseController.php(126): require('E:\Profiles\Sma...')
#5 E:\Profiles\SmallOT\airbooking\web\source\vendors\yiisoft\yii\framework\web\CBaseController.php(95): CBaseController->renderInternal('E:\Profiles\Sma...', NULL, true)
#6 E:\Profiles\SmallOT\airbooking\web\source\vendors\yiisoft\yii\framework\web\CController.php(869): CBaseController->renderFile('E:\Profiles\Sma...', NULL, true)
#7 E:\Profiles\SmallOT\airbooking\web\source\vendors\yiisoft\yii\framework\web\CController.php(782): CController->renderPartial('index', NULL, true)
#8 E:\Profiles\SmallOT\airbooking\web\source\frontend\protected\controllers\SiteController.php(24): CController->render('index')
#9 E:\Profiles\SmallOT\airbooking\web\source\vendors\yiisoft\yii\framework\web\actions\CInlineAction.php(49): SiteController->actionIndex()
#10 E:\Profiles\SmallOT\airbooking\web\source\vendors\yiisoft\yii\framework\web\CController.php(308): CInlineAction->runWithParams(Array)
#11 E:\Profiles\SmallOT\airbooking\web\source\vendors\yiisoft\yii\framework\web\CController.php(286): CController->runAction(Object(CInlineAction))
#12 E:\Profiles\SmallOT\airbooking\web\source\vendors\yiisoft\yii\framework\web\CController.php(265): CController->runActionWithFilters(Object(CInlineAction), Array)
#13 E:\Profiles\SmallOT\airbooking\web\source\vendors\yiisoft\yii\framework\web\CWebApplication.php(282): CController->run('')
#14 E:\Profiles\SmallOT\airbooking\web\source\vendors\yiisoft\yii\framework\web\CWebApplication.php(141): CWebApplication->runController('')
#15 E:\Profiles\SmallOT\airbooking\web\source\vendors\yiisoft\yii\framework\base\CApplication.php(180): CWebApplication->processRequest()
#16 E:\Profiles\SmallOT\airbooking\web\index.php(15): CApplication->run()
#17 {main}
REQUEST_URI=/
---
2014/03/06 05:34:51 [error] [exception.CException] exception 'CException' with message 'Alias "frontend.widgets.imageSlider.ImageSlider" không có hiệu lực. Phải chắc chắn nó chỉ đến một tập tin PHP đã có.' in E:\Profiles\SmallOT\airbooking\web\source\vendors\yiisoft\yii\framework\YiiBase.php:322
Stack trace:
#0 E:\Profiles\SmallOT\airbooking\web\source\vendors\yiisoft\yii\framework\web\CWidgetFactory.php(146): YiiBase::import('frontend.widget...', true)
#1 E:\Profiles\SmallOT\airbooking\web\source\vendors\yiisoft\yii\framework\web\CBaseController.php(146): CWidgetFactory->createWidget(Object(SiteController), 'frontend.widget...', Array)
#2 E:\Profiles\SmallOT\airbooking\web\source\vendors\yiisoft\yii\framework\web\CBaseController.php(189): CBaseController->createWidget('frontend.widget...', Array)
#3 E:\Profiles\SmallOT\airbooking\web\source\frontend\protected\views\site\index.php(3): CBaseController->beginWidget('frontend.widget...', Array)
#4 E:\Profiles\SmallOT\airbooking\web\source\vendors\yiisoft\yii\framework\web\CBaseController.php(126): require('E:\Profiles\Sma...')
#5 E:\Profiles\SmallOT\airbooking\web\source\vendors\yiisoft\yii\framework\web\CBaseController.php(95): CBaseController->renderInternal('E:\Profiles\Sma...', NULL, true)
#6 E:\Profiles\SmallOT\airbooking\web\source\vendors\yiisoft\yii\framework\web\CController.php(869): CBaseController->renderFile('E:\Profiles\Sma...', NULL, true)
#7 E:\Profiles\SmallOT\airbooking\web\source\vendors\yiisoft\yii\framework\web\CController.php(782): CController->renderPartial('index', NULL, true)
#8 E:\Profiles\SmallOT\airbooking\web\source\frontend\protected\controllers\SiteController.php(24): CController->render('index')
#9 E:\Profiles\SmallOT\airbooking\web\source\vendors\yiisoft\yii\framework\web\actions\CInlineAction.php(49): SiteController->actionIndex()
#10 E:\Profiles\SmallOT\airbooking\web\source\vendors\yiisoft\yii\framework\web\CController.php(308): CInlineAction->runWithParams(Array)
#11 E:\Profiles\SmallOT\airbooking\web\source\vendors\yiisoft\yii\framework\web\CController.php(286): CController->runAction(Object(CInlineAction))
#12 E:\Profiles\SmallOT\airbooking\web\source\vendors\yiisoft\yii\framework\web\CController.php(265): CController->runActionWithFilters(Object(CInlineAction), Array)
#13 E:\Profiles\SmallOT\airbooking\web\source\vendors\yiisoft\yii\framework\web\CWebApplication.php(282): CController->run('')
#14 E:\Profiles\SmallOT\airbooking\web\source\vendors\yiisoft\yii\framework\web\CWebApplication.php(141): CWebApplication->runController('')
#15 E:\Profiles\SmallOT\airbooking\web\source\vendors\yiisoft\yii\framework\base\CApplication.php(180): CWebApplication->processRequest()
#16 E:\Profiles\SmallOT\airbooking\web\index.php(15): CApplication->run()
#17 {main}
REQUEST_URI=/
---
2014/03/06 05:35:10 [error] [exception.CException] exception 'CException' with message 'Alias "frontend.widgets.login.Login" không có hiệu lực. Phải chắc chắn nó chỉ đến một tập tin PHP đã có.' in E:\Profiles\SmallOT\airbooking\web\source\vendors\yiisoft\yii\framework\YiiBase.php:322
Stack trace:
#0 E:\Profiles\SmallOT\airbooking\web\source\vendors\yiisoft\yii\framework\web\CWidgetFactory.php(146): YiiBase::import('frontend.widget...', true)
#1 E:\Profiles\SmallOT\airbooking\web\source\vendors\yiisoft\yii\framework\web\CBaseController.php(146): CWidgetFactory->createWidget(Object(SiteController), 'frontend.widget...', Array)
#2 E:\Profiles\SmallOT\airbooking\web\source\vendors\yiisoft\yii\framework\web\CBaseController.php(172): CBaseController->createWidget('frontend.widget...', Array)
#3 E:\Profiles\SmallOT\airbooking\web\themes\v2\views\layouts\_partials\popup_login.php(8): CBaseController->widget('frontend.widget...')
#4 E:\Profiles\SmallOT\airbooking\web\source\vendors\yiisoft\yii\framework\web\CBaseController.php(126): require('E:\Profiles\Sma...')
#5 E:\Profiles\SmallOT\airbooking\web\source\vendors\yiisoft\yii\framework\web\CBaseController.php(95): CBaseController->renderInternal('E:\Profiles\Sma...', Array, true)
#6 E:\Profiles\SmallOT\airbooking\web\source\vendors\yiisoft\yii\framework\web\widgets\CContentDecorator.php(76): CBaseController->renderFile('E:\Profiles\Sma...', Array, true)
#7 E:\Profiles\SmallOT\airbooking\web\source\vendors\yiisoft\yii\framework\web\widgets\CContentDecorator.php(54): CContentDecorator->decorate('')
#8 E:\Profiles\SmallOT\airbooking\web\source\vendors\yiisoft\yii\framework\web\widgets\COutputProcessor.php(44): CContentDecorator->processOutput('')
#9 E:\Profiles\SmallOT\airbooking\web\source\vendors\yiisoft\yii\framework\web\CBaseController.php(206): COutputProcessor->run()
#10 E:\Profiles\SmallOT\airbooking\web\source\vendors\yiisoft\yii\framework\web\CBaseController.php(300): CBaseController->endWidget('CContentDecorat...')
#11 E:\Profiles\SmallOT\airbooking\web\themes\v2\views\layouts\home.php(12): CBaseController->endContent()
#12 E:\Profiles\SmallOT\airbooking\web\source\vendors\yiisoft\yii\framework\web\CBaseController.php(126): require('E:\Profiles\Sma...')
#13 E:\Profiles\SmallOT\airbooking\web\source\vendors\yiisoft\yii\framework\web\CBaseController.php(95): CBaseController->renderInternal('E:\Profiles\Sma...', Array, true)
#14 E:\Profiles\SmallOT\airbooking\web\source\vendors\yiisoft\yii\framework\web\CController.php(784): CBaseController->renderFile('E:\Profiles\Sma...', Array, true)
#15 E:\Profiles\SmallOT\airbooking\web\source\frontend\protected\controllers\SiteController.php(24): CController->render('index')
#16 E:\Profiles\SmallOT\airbooking\web\source\vendors\yiisoft\yii\framework\web\actions\CInlineAction.php(49): SiteController->actionIndex()
#17 E:\Profiles\SmallOT\airbooking\web\source\vendors\yiisoft\yii\framework\web\CController.php(308): CInlineAction->runWithParams(Array)
#18 E:\Profiles\SmallOT\airbooking\web\source\vendors\yiisoft\yii\framework\web\CController.php(286): CController->runAction(Object(CInlineAction))
#19 E:\Profiles\SmallOT\airbooking\web\source\vendors\yiisoft\yii\framework\web\CController.php(265): CController->runActionWithFilters(Object(CInlineAction), Array)
#20 E:\Profiles\SmallOT\airbooking\web\source\vendors\yiisoft\yii\framework\web\CWebApplication.php(282): CController->run('')
#21 E:\Profiles\SmallOT\airbooking\web\source\vendors\yiisoft\yii\framework\web\CWebApplication.php(141): CWebApplication->runController('')
#22 E:\Profiles\SmallOT\airbooking\web\source\vendors\yiisoft\yii\framework\base\CApplication.php(180): CWebApplication->processRequest()
#23 E:\Profiles\SmallOT\airbooking\web\index.php(15): CApplication->run()
#24 {main}
REQUEST_URI=/
---
2014/03/06 05:35:10 [error] [exception.CException] exception 'CException' with message 'Alias "frontend.widgets.login.Login" không có hiệu lực. Phải chắc chắn nó chỉ đến một tập tin PHP đã có.' in E:\Profiles\SmallOT\airbooking\web\source\vendors\yiisoft\yii\framework\YiiBase.php:322
Stack trace:
#0 E:\Profiles\SmallOT\airbooking\web\source\vendors\yiisoft\yii\framework\web\CWidgetFactory.php(146): YiiBase::import('frontend.widget...', true)
#1 E:\Profiles\SmallOT\airbooking\web\source\vendors\yiisoft\yii\framework\web\CBaseController.php(146): CWidgetFactory->createWidget(Object(SiteController), 'frontend.widget...', Array)
#2 E:\Profiles\SmallOT\airbooking\web\source\vendors\yiisoft\yii\framework\web\CBaseController.php(172): CBaseController->createWidget('frontend.widget...', Array)
#3 E:\Profiles\SmallOT\airbooking\web\themes\v2\views\layouts\_partials\popup_login.php(8): CBaseController->widget('frontend.widget...')
#4 E:\Profiles\SmallOT\airbooking\web\source\vendors\yiisoft\yii\framework\web\CBaseController.php(126): require('E:\Profiles\Sma...')
#5 E:\Profiles\SmallOT\airbooking\web\source\vendors\yiisoft\yii\framework\web\CBaseController.php(95): CBaseController->renderInternal('E:\Profiles\Sma...', Array, true)
#6 E:\Profiles\SmallOT\airbooking\web\source\vendors\yiisoft\yii\framework\web\widgets\CContentDecorator.php(76): CBaseController->renderFile('E:\Profiles\Sma...', Array, true)
#7 E:\Profiles\SmallOT\airbooking\web\source\vendors\yiisoft\yii\framework\web\widgets\CContentDecorator.php(54): CContentDecorator->decorate('')
#8 E:\Profiles\SmallOT\airbooking\web\source\vendors\yiisoft\yii\framework\web\widgets\COutputProcessor.php(44): CContentDecorator->processOutput('')
#9 E:\Profiles\SmallOT\airbooking\web\source\vendors\yiisoft\yii\framework\web\CBaseController.php(206): COutputProcessor->run()
#10 E:\Profiles\SmallOT\airbooking\web\source\vendors\yiisoft\yii\framework\web\CBaseController.php(300): CBaseController->endWidget('CContentDecorat...')
#11 E:\Profiles\SmallOT\airbooking\web\themes\v2\views\layouts\home.php(12): CBaseController->endContent()
#12 E:\Profiles\SmallOT\airbooking\web\source\vendors\yiisoft\yii\framework\web\CBaseController.php(126): require('E:\Profiles\Sma...')
#13 E:\Profiles\SmallOT\airbooking\web\source\vendors\yiisoft\yii\framework\web\CBaseController.php(95): CBaseController->renderInternal('E:\Profiles\Sma...', Array, true)
#14 E:\Profiles\SmallOT\airbooking\web\source\vendors\yiisoft\yii\framework\web\CController.php(784): CBaseController->renderFile('E:\Profiles\Sma...', Array, true)
#15 E:\Profiles\SmallOT\airbooking\web\source\frontend\protected\controllers\SiteController.php(24): CController->render('index')
#16 E:\Profiles\SmallOT\airbooking\web\source\vendors\yiisoft\yii\framework\web\actions\CInlineAction.php(49): SiteController->actionIndex()
#17 E:\Profiles\SmallOT\airbooking\web\source\vendors\yiisoft\yii\framework\web\CController.php(308): CInlineAction->runWithParams(Array)
#18 E:\Profiles\SmallOT\airbooking\web\source\vendors\yiisoft\yii\framework\web\CController.php(286): CController->runAction(Object(CInlineAction))
#19 E:\Profiles\SmallOT\airbooking\web\source\vendors\yiisoft\yii\framework\web\CController.php(265): CController->runActionWithFilters(Object(CInlineAction), Array)
#20 E:\Profiles\SmallOT\airbooking\web\source\vendors\yiisoft\yii\framework\web\CWebApplication.php(282): CController->run('')
#21 E:\Profiles\SmallOT\airbooking\web\source\vendors\yiisoft\yii\framework\web\CWebApplication.php(141): CWebApplication->runController('')
#22 E:\Profiles\SmallOT\airbooking\web\source\vendors\yiisoft\yii\framework\base\CApplication.php(180): CWebApplication->processRequest()
#23 E:\Profiles\SmallOT\airbooking\web\index.php(15): CApplication->run()
#24 {main}
REQUEST_URI=/
---
2014/03/06 05:35:48 [error] [exception.CException] exception 'CException' with message 'Alias "frontend.widgets.login.Login" không có hiệu lực. Phải chắc chắn nó chỉ đến một tập tin PHP đã có.' in E:\Profiles\SmallOT\airbooking\web\source\vendors\yiisoft\yii\framework\YiiBase.php:322
Stack trace:
#0 E:\Profiles\SmallOT\airbooking\web\source\vendors\yiisoft\yii\framework\web\CWidgetFactory.php(146): YiiBase::import('frontend.widget...', true)
#1 E:\Profiles\SmallOT\airbooking\web\source\vendors\yiisoft\yii\framework\web\CBaseController.php(146): CWidgetFactory->createWidget(Object(SiteController), 'frontend.widget...', Array)
#2 E:\Profiles\SmallOT\airbooking\web\source\vendors\yiisoft\yii\framework\web\CBaseController.php(172): CBaseController->createWidget('frontend.widget...', Array)
#3 E:\Profiles\SmallOT\airbooking\web\themes\v2\views\layouts\_partials\popup_login.php(8): CBaseController->widget('frontend.widget...')
#4 E:\Profiles\SmallOT\airbooking\web\source\vendors\yiisoft\yii\framework\web\CBaseController.php(126): require('E:\Profiles\Sma...')
#5 E:\Profiles\SmallOT\airbooking\web\source\vendors\yiisoft\yii\framework\web\CBaseController.php(95): CBaseController->renderInternal('E:\Profiles\Sma...', Array, true)
#6 E:\Profiles\SmallOT\airbooking\web\source\vendors\yiisoft\yii\framework\web\widgets\CContentDecorator.php(76): CBaseController->renderFile('E:\Profiles\Sma...', Array, true)
#7 E:\Profiles\SmallOT\airbooking\web\source\vendors\yiisoft\yii\framework\web\widgets\CContentDecorator.php(54): CContentDecorator->decorate('')
#8 E:\Profiles\SmallOT\airbooking\web\source\vendors\yiisoft\yii\framework\web\widgets\COutputProcessor.php(44): CContentDecorator->processOutput('')
#9 E:\Profiles\SmallOT\airbooking\web\source\vendors\yiisoft\yii\framework\web\CBaseController.php(206): COutputProcessor->run()
#10 E:\Profiles\SmallOT\airbooking\web\source\vendors\yiisoft\yii\framework\web\CBaseController.php(300): CBaseController->endWidget('CContentDecorat...')
#11 E:\Profiles\SmallOT\airbooking\web\themes\v2\views\layouts\home.php(12): CBaseController->endContent()
#12 E:\Profiles\SmallOT\airbooking\web\source\vendors\yiisoft\yii\framework\web\CBaseController.php(126): require('E:\Profiles\Sma...')
#13 E:\Profiles\SmallOT\airbooking\web\source\vendors\yiisoft\yii\framework\web\CBaseController.php(95): CBaseController->renderInternal('E:\Profiles\Sma...', Array, true)
#14 E:\Profiles\SmallOT\airbooking\web\source\vendors\yiisoft\yii\framework\web\CController.php(784): CBaseController->renderFile('E:\Profiles\Sma...', Array, true)
#15 E:\Profiles\SmallOT\airbooking\web\source\frontend\protected\controllers\SiteController.php(24): CController->render('index')
#16 E:\Profiles\SmallOT\airbooking\web\source\vendors\yiisoft\yii\framework\web\actions\CInlineAction.php(49): SiteController->actionIndex()
#17 E:\Profiles\SmallOT\airbooking\web\source\vendors\yiisoft\yii\framework\web\CController.php(308): CInlineAction->runWithParams(Array)
#18 E:\Profiles\SmallOT\airbooking\web\source\vendors\yiisoft\yii\framework\web\CController.php(286): CController->runAction(Object(CInlineAction))
#19 E:\Profiles\SmallOT\airbooking\web\source\vendors\yiisoft\yii\framework\web\CController.php(265): CController->runActionWithFilters(Object(CInlineAction), Array)
#20 E:\Profiles\SmallOT\airbooking\web\source\vendors\yiisoft\yii\framework\web\CWebApplication.php(282): CController->run('')
#21 E:\Profiles\SmallOT\airbooking\web\source\vendors\yiisoft\yii\framework\web\CWebApplication.php(141): CWebApplication->runController('')
#22 E:\Profiles\SmallOT\airbooking\web\source\vendors\yiisoft\yii\framework\base\CApplication.php(180): CWebApplication->processRequest()
#23 E:\Profiles\SmallOT\airbooking\web\index.php(15): CApplication->run()
#24 {main}
REQUEST_URI=/
---
2014/03/06 05:36:10 [error] [php] include(ActiveMenu.php) [<a href='function.include'>function.include</a>]: failed to open stream: No such file or directory (E:\Profiles\SmallOT\airbooking\web\source\vendors\yiisoft\yii\framework\YiiBase.php:427)
Stack trace:
#0 E:\Profiles\SmallOT\airbooking\web\source\vendors\yiisoft\yii\framework\web\CWidgetFactory.php(146): import()
#1 E:\Profiles\SmallOT\airbooking\web\source\vendors\yiisoft\yii\framework\web\CBaseController.php(146): CWidgetFactory->createWidget()
#2 E:\Profiles\SmallOT\airbooking\web\source\vendors\yiisoft\yii\framework\web\CBaseController.php(172): SiteController->createWidget()
#3 E:\Profiles\SmallOT\airbooking\web\themes\v2\views\layouts\home.php(18): SiteController->widget()
#4 E:\Profiles\SmallOT\airbooking\web\source\vendors\yiisoft\yii\framework\web\CBaseController.php(126): require()
#5 E:\Profiles\SmallOT\airbooking\web\source\vendors\yiisoft\yii\framework\web\CBaseController.php(95): SiteController->renderInternal()
#6 E:\Profiles\SmallOT\airbooking\web\source\vendors\yiisoft\yii\framework\web\CController.php(784): SiteController->renderFile()
#7 E:\Profiles\SmallOT\airbooking\web\source\frontend\protected\controllers\SiteController.php(24): SiteController->render()
#8 E:\Profiles\SmallOT\airbooking\web\source\vendors\yiisoft\yii\framework\web\actions\CInlineAction.php(49): SiteController->actionIndex()
#9 E:\Profiles\SmallOT\airbooking\web\source\vendors\yiisoft\yii\framework\web\CController.php(308): CInlineAction->runWithParams()
#10 E:\Profiles\SmallOT\airbooking\web\source\vendors\yiisoft\yii\framework\web\CController.php(286): SiteController->runAction()
#11 E:\Profiles\SmallOT\airbooking\web\source\vendors\yiisoft\yii\framework\web\CController.php(265): SiteController->runActionWithFilters()
#12 E:\Profiles\SmallOT\airbooking\web\source\vendors\yiisoft\yii\framework\web\CWebApplication.php(282): SiteController->run()
#13 E:\Profiles\SmallOT\airbooking\web\source\vendors\yiisoft\yii\framework\web\CWebApplication.php(141): CWebApplication->runController()
#14 E:\Profiles\SmallOT\airbooking\web\source\vendors\yiisoft\yii\framework\base\CApplication.php(180): CWebApplication->processRequest()
#15 E:\Profiles\SmallOT\airbooking\web\index.php(15): CWebApplication->run()
REQUEST_URI=/
in E:\Profiles\SmallOT\airbooking\web\themes\v2\views\layouts\home.php (18)
in E:\Profiles\SmallOT\airbooking\web\source\frontend\protected\controllers\SiteController.php (24)
in E:\Profiles\SmallOT\airbooking\web\index.php (15)
2014/03/06 05:36:30 [error] [php] include(CmsSection.php) [<a href='function.include'>function.include</a>]: failed to open stream: No such file or directory (E:\Profiles\SmallOT\airbooking\web\source\vendors\yiisoft\yii\framework\YiiBase.php:427)
Stack trace:
#0 E:\Profiles\SmallOT\airbooking\web\source\frontend\protected\components\ActiveMenu.php(14): spl_autoload_call()
#1 E:\Profiles\SmallOT\airbooking\web\source\vendors\yiisoft\yii\framework\web\CBaseController.php(147): ActiveMenu->init()
#2 E:\Profiles\SmallOT\airbooking\web\source\vendors\yiisoft\yii\framework\web\CBaseController.php(172): SiteController->createWidget()
#3 E:\Profiles\SmallOT\airbooking\web\themes\v2\views\layouts\home.php(18): SiteController->widget()
#4 E:\Profiles\SmallOT\airbooking\web\source\vendors\yiisoft\yii\framework\web\CBaseController.php(126): require()
#5 E:\Profiles\SmallOT\airbooking\web\source\vendors\yiisoft\yii\framework\web\CBaseController.php(95): SiteController->renderInternal()
#6 E:\Profiles\SmallOT\airbooking\web\source\vendors\yiisoft\yii\framework\web\CController.php(784): SiteController->renderFile()
#7 E:\Profiles\SmallOT\airbooking\web\source\frontend\protected\controllers\SiteController.php(24): SiteController->render()
#8 E:\Profiles\SmallOT\airbooking\web\source\vendors\yiisoft\yii\framework\web\actions\CInlineAction.php(49): SiteController->actionIndex()
#9 E:\Profiles\SmallOT\airbooking\web\source\vendors\yiisoft\yii\framework\web\CController.php(308): CInlineAction->runWithParams()
#10 E:\Profiles\SmallOT\airbooking\web\source\vendors\yiisoft\yii\framework\web\CController.php(286): SiteController->runAction()
#11 E:\Profiles\SmallOT\airbooking\web\source\vendors\yiisoft\yii\framework\web\CController.php(265): SiteController->runActionWithFilters()
#12 E:\Profiles\SmallOT\airbooking\web\source\vendors\yiisoft\yii\framework\web\CWebApplication.php(282): SiteController->run()
#13 E:\Profiles\SmallOT\airbooking\web\source\vendors\yiisoft\yii\framework\web\CWebApplication.php(141): CWebApplication->runController()
#14 E:\Profiles\SmallOT\airbooking\web\source\vendors\yiisoft\yii\framework\base\CApplication.php(180): CWebApplication->processRequest()
#15 E:\Profiles\SmallOT\airbooking\web\index.php(15): CWebApplication->run()
REQUEST_URI=/
in E:\Profiles\SmallOT\airbooking\web\source\frontend\protected\components\ActiveMenu.php (14)
in E:\Profiles\SmallOT\airbooking\web\themes\v2\views\layouts\home.php (18)
in E:\Profiles\SmallOT\airbooking\web\source\frontend\protected\controllers\SiteController.php (24)
2014/03/06 05:36:31 [error] [php] include(CmsSection.php) [<a href='function.include'>function.include</a>]: failed to open stream: No such file or directory (E:\Profiles\SmallOT\airbooking\web\source\vendors\yiisoft\yii\framework\YiiBase.php:427)
Stack trace:
#0 E:\Profiles\SmallOT\airbooking\web\source\frontend\protected\components\ActiveMenu.php(14): spl_autoload_call()
#1 E:\Profiles\SmallOT\airbooking\web\source\vendors\yiisoft\yii\framework\web\CBaseController.php(147): ActiveMenu->init()
#2 E:\Profiles\SmallOT\airbooking\web\source\vendors\yiisoft\yii\framework\web\CBaseController.php(172): SiteController->createWidget()
#3 E:\Profiles\SmallOT\airbooking\web\themes\v2\views\layouts\home.php(18): SiteController->widget()
#4 E:\Profiles\SmallOT\airbooking\web\source\vendors\yiisoft\yii\framework\web\CBaseController.php(126): require()
#5 E:\Profiles\SmallOT\airbooking\web\source\vendors\yiisoft\yii\framework\web\CBaseController.php(95): SiteController->renderInternal()
#6 E:\Profiles\SmallOT\airbooking\web\source\vendors\yiisoft\yii\framework\web\CController.php(784): SiteController->renderFile()
#7 E:\Profiles\SmallOT\airbooking\web\source\frontend\protected\controllers\SiteController.php(24): SiteController->render()
#8 E:\Profiles\SmallOT\airbooking\web\source\vendors\yiisoft\yii\framework\web\actions\CInlineAction.php(49): SiteController->actionIndex()
#9 E:\Profiles\SmallOT\airbooking\web\source\vendors\yiisoft\yii\framework\web\CController.php(308): CInlineAction->runWithParams()
#10 E:\Profiles\SmallOT\airbooking\web\source\vendors\yiisoft\yii\framework\web\CController.php(286): SiteController->runAction()
#11 E:\Profiles\SmallOT\airbooking\web\source\vendors\yiisoft\yii\framework\web\CController.php(265): SiteController->runActionWithFilters()
#12 E:\Profiles\SmallOT\airbooking\web\source\vendors\yiisoft\yii\framework\web\CWebApplication.php(282): SiteController->run()
#13 E:\Profiles\SmallOT\airbooking\web\source\vendors\yiisoft\yii\framework\web\CWebApplication.php(141): CWebApplication->runController()
#14 E:\Profiles\SmallOT\airbooking\web\source\vendors\yiisoft\yii\framework\base\CApplication.php(180): CWebApplication->processRequest()
#15 E:\Profiles\SmallOT\airbooking\web\index.php(15): CWebApplication->run()
REQUEST_URI=/
in E:\Profiles\SmallOT\airbooking\web\source\frontend\protected\components\ActiveMenu.php (14)
in E:\Profiles\SmallOT\airbooking\web\themes\v2\views\layouts\home.php (18)
in E:\Profiles\SmallOT\airbooking\web\source\frontend\protected\controllers\SiteController.php (24)
2014/03/06 05:36:31 [error] [php] include(CmsSection.php) [<a href='function.include'>function.include</a>]: failed to open stream: No such file or directory (E:\Profiles\SmallOT\airbooking\web\source\vendors\yiisoft\yii\framework\YiiBase.php:427)
Stack trace:
#0 E:\Profiles\SmallOT\airbooking\web\source\frontend\protected\components\ActiveMenu.php(14): spl_autoload_call()
#1 E:\Profiles\SmallOT\airbooking\web\source\vendors\yiisoft\yii\framework\web\CBaseController.php(147): ActiveMenu->init()
#2 E:\Profiles\SmallOT\airbooking\web\source\vendors\yiisoft\yii\framework\web\CBaseController.php(172): SiteController->createWidget()
#3 E:\Profiles\SmallOT\airbooking\web\themes\v2\views\layouts\home.php(18): SiteController->widget()
#4 E:\Profiles\SmallOT\airbooking\web\source\vendors\yiisoft\yii\framework\web\CBaseController.php(126): require()
#5 E:\Profiles\SmallOT\airbooking\web\source\vendors\yiisoft\yii\framework\web\CBaseController.php(95): SiteController->renderInternal()
#6 E:\Profiles\SmallOT\airbooking\web\source\vendors\yiisoft\yii\framework\web\CController.php(784): SiteController->renderFile()
#7 E:\Profiles\SmallOT\airbooking\web\source\frontend\protected\controllers\SiteController.php(24): SiteController->render()
#8 E:\Profiles\SmallOT\airbooking\web\source\vendors\yiisoft\yii\framework\web\actions\CInlineAction.php(49): SiteController->actionIndex()
#9 E:\Profiles\SmallOT\airbooking\web\source\vendors\yiisoft\yii\framework\web\CController.php(308): CInlineAction->runWithParams()
#10 E:\Profiles\SmallOT\airbooking\web\source\vendors\yiisoft\yii\framework\web\CController.php(286): SiteController->runAction()
#11 E:\Profiles\SmallOT\airbooking\web\source\vendors\yiisoft\yii\framework\web\CController.php(265): SiteController->runActionWithFilters()
#12 E:\Profiles\SmallOT\airbooking\web\source\vendors\yiisoft\yii\framework\web\CWebApplication.php(282): SiteController->run()
#13 E:\Profiles\SmallOT\airbooking\web\source\vendors\yiisoft\yii\framework\web\CWebApplication.php(141): CWebApplication->runController()
#14 E:\Profiles\SmallOT\airbooking\web\source\vendors\yiisoft\yii\framework\base\CApplication.php(180): CWebApplication->processRequest()
#15 E:\Profiles\SmallOT\airbooking\web\index.php(15): CWebApplication->run()
REQUEST_URI=/
in E:\Profiles\SmallOT\airbooking\web\source\frontend\protected\components\ActiveMenu.php (14)
in E:\Profiles\SmallOT\airbooking\web\themes\v2\views\layouts\home.php (18)
in E:\Profiles\SmallOT\airbooking\web\source\frontend\protected\controllers\SiteController.php (24)
2014/03/06 05:37:10 [error] [php] include(SystemSetting.php) [<a href='function.include'>function.include</a>]: failed to open stream: No such file or directory (E:\Profiles\SmallOT\airbooking\web\source\vendors\yiisoft\yii\framework\YiiBase.php:427)
Stack trace:
#0 E:\Profiles\SmallOT\airbooking\web\themes\v2\views\layouts\_partials\footer.php(4): spl_autoload_call()
#1 E:\Profiles\SmallOT\airbooking\web\source\vendors\yiisoft\yii\framework\web\CBaseController.php(126): require()
#2 E:\Profiles\SmallOT\airbooking\web\source\vendors\yiisoft\yii\framework\web\CBaseController.php(95): SiteController->renderInternal()
#3 E:\Profiles\SmallOT\airbooking\web\source\vendors\yiisoft\yii\framework\web\widgets\CContentDecorator.php(76): SiteController->renderFile()
#4 E:\Profiles\SmallOT\airbooking\web\source\vendors\yiisoft\yii\framework\web\widgets\CContentDecorator.php(54): CContentDecorator->decorate()
#5 E:\Profiles\SmallOT\airbooking\web\source\vendors\yiisoft\yii\framework\web\widgets\COutputProcessor.php(44): CContentDecorator->processOutput()
#6 E:\Profiles\SmallOT\airbooking\web\source\vendors\yiisoft\yii\framework\web\CBaseController.php(206): CContentDecorator->run()
#7 E:\Profiles\SmallOT\airbooking\web\source\vendors\yiisoft\yii\framework\web\CBaseController.php(300): SiteController->endWidget()
#8 E:\Profiles\SmallOT\airbooking\web\themes\v2\views\layouts\home.php(37): SiteController->endContent()
#9 E:\Profiles\SmallOT\airbooking\web\source\vendors\yiisoft\yii\framework\web\CBaseController.php(126): require()
#10 E:\Profiles\SmallOT\airbooking\web\source\vendors\yiisoft\yii\framework\web\CBaseController.php(95): SiteController->renderInternal()
#11 E:\Profiles\SmallOT\airbooking\web\source\vendors\yiisoft\yii\framework\web\CController.php(784): SiteController->renderFile()
#12 E:\Profiles\SmallOT\airbooking\web\source\frontend\protected\controllers\SiteController.php(24): SiteController->render()
#13 E:\Profiles\SmallOT\airbooking\web\source\vendors\yiisoft\yii\framework\web\actions\CInlineAction.php(49): SiteController->actionIndex()
#14 E:\Profiles\SmallOT\airbooking\web\source\vendors\yiisoft\yii\framework\web\CController.php(308): CInlineAction->runWithParams()
#15 E:\Profiles\SmallOT\airbooking\web\source\vendors\yiisoft\yii\framework\web\CController.php(286): SiteController->runAction()
#16 E:\Profiles\SmallOT\airbooking\web\source\vendors\yiisoft\yii\framework\web\CController.php(265): SiteController->runActionWithFilters()
#17 E:\Profiles\SmallOT\airbooking\web\source\vendors\yiisoft\yii\framework\web\CWebApplication.php(282): SiteController->run()
#18 E:\Profiles\SmallOT\airbooking\web\source\vendors\yiisoft\yii\framework\web\CWebApplication.php(141): CWebApplication->runController()
#19 E:\Profiles\SmallOT\airbooking\web\source\vendors\yiisoft\yii\framework\base\CApplication.php(180): CWebApplication->processRequest()
#20 E:\Profiles\SmallOT\airbooking\web\index.php(15): CWebApplication->run()
REQUEST_URI=/
in E:\Profiles\SmallOT\airbooking\web\themes\v2\views\layouts\_partials\footer.php (4)
in E:\Profiles\SmallOT\airbooking\web\themes\v2\views\layouts\home.php (37)
in E:\Profiles\SmallOT\airbooking\web\source\frontend\protected\controllers\SiteController.php (24)
2014/03/06 05:37:33 [error] [exception.CException] exception 'CException' with message 'Alias "frontend.widgets.default.ScriptAdsWidget" không có hiệu lực. Phải chắc chắn nó chỉ đến một tập tin PHP đã có.' in E:\Profiles\SmallOT\airbooking\web\source\vendors\yiisoft\yii\framework\YiiBase.php:322
Stack trace:
#0 E:\Profiles\SmallOT\airbooking\web\source\vendors\yiisoft\yii\framework\web\CWidgetFactory.php(146): YiiBase::import('frontend.widget...', true)
#1 E:\Profiles\SmallOT\airbooking\web\source\vendors\yiisoft\yii\framework\web\CBaseController.php(146): CWidgetFactory->createWidget(Object(SiteController), 'frontend.widget...', Array)
#2 E:\Profiles\SmallOT\airbooking\web\source\vendors\yiisoft\yii\framework\web\CBaseController.php(172): CBaseController->createWidget('frontend.widget...', Array)
#3 E:\Profiles\SmallOT\airbooking\web\themes\v2\views\layouts\_partials\js.php(9): CBaseController->widget('frontend.widget...')
#4 E:\Profiles\SmallOT\airbooking\web\source\vendors\yiisoft\yii\framework\web\CBaseController.php(126): require('E:\Profiles\Sma...')
#5 E:\Profiles\SmallOT\airbooking\web\source\vendors\yiisoft\yii\framework\web\CBaseController.php(95): CBaseController->renderInternal('E:\Profiles\Sma...', Array, true)
#6 E:\Profiles\SmallOT\airbooking\web\source\vendors\yiisoft\yii\framework\web\widgets\CContentDecorator.php(76): CBaseController->renderFile('E:\Profiles\Sma...', Array, true)
#7 E:\Profiles\SmallOT\airbooking\web\source\vendors\yiisoft\yii\framework\web\widgets\CContentDecorator.php(54): CContentDecorator->decorate('')
#8 E:\Profiles\SmallOT\airbooking\web\source\vendors\yiisoft\yii\framework\web\widgets\COutputProcessor.php(44): CContentDecorator->processOutput('')
#9 E:\Profiles\SmallOT\airbooking\web\source\vendors\yiisoft\yii\framework\web\CBaseController.php(206): COutputProcessor->run()
#10 E:\Profiles\SmallOT\airbooking\web\source\vendors\yiisoft\yii\framework\web\CBaseController.php(300): CBaseController->endWidget('CContentDecorat...')
#11 E:\Profiles\SmallOT\airbooking\web\themes\v2\views\layouts\home.php(38): CBaseController->endContent()
#12 E:\Profiles\SmallOT\airbooking\web\source\vendors\yiisoft\yii\framework\web\CBaseController.php(126): require('E:\Profiles\Sma...')
#13 E:\Profiles\SmallOT\airbooking\web\source\vendors\yiisoft\yii\framework\web\CBaseController.php(95): CBaseController->renderInternal('E:\Profiles\Sma...', Array, true)
#14 E:\Profiles\SmallOT\airbooking\web\source\vendors\yiisoft\yii\framework\web\CController.php(784): CBaseController->renderFile('E:\Profiles\Sma...', Array, true)
#15 E:\Profiles\SmallOT\airbooking\web\source\frontend\protected\controllers\SiteController.php(24): CController->render('index')
#16 E:\Profiles\SmallOT\airbooking\web\source\vendors\yiisoft\yii\framework\web\actions\CInlineAction.php(49): SiteController->actionIndex()
#17 E:\Profiles\SmallOT\airbooking\web\source\vendors\yiisoft\yii\framework\web\CController.php(308): CInlineAction->runWithParams(Array)
#18 E:\Profiles\SmallOT\airbooking\web\source\vendors\yiisoft\yii\framework\web\CController.php(286): CController->runAction(Object(CInlineAction))
#19 E:\Profiles\SmallOT\airbooking\web\source\vendors\yiisoft\yii\framework\web\CController.php(265): CController->runActionWithFilters(Object(CInlineAction), Array)
#20 E:\Profiles\SmallOT\airbooking\web\source\vendors\yiisoft\yii\framework\web\CWebApplication.php(282): CController->run('')
#21 E:\Profiles\SmallOT\airbooking\web\source\vendors\yiisoft\yii\framework\web\CWebApplication.php(141): CWebApplication->runController('')
#22 E:\Profiles\SmallOT\airbooking\web\source\vendors\yiisoft\yii\framework\base\CApplication.php(180): CWebApplication->processRequest()
#23 E:\Profiles\SmallOT\airbooking\web\index.php(15): CApplication->run()
#24 {main}
REQUEST_URI=/
---
2014/03/06 11:00:15 [error] [exception.CException] exception 'CException' with message 'Alias "frontend.widgets.login.Login" không có hiệu lực. Phải chắc chắn nó chỉ đến một tập tin PHP đã có.' in E:\Profiles\SmallOT\airbooking\web\source\vendors\yiisoft\yii\framework\YiiBase.php:322
Stack trace:
#0 E:\Profiles\SmallOT\airbooking\web\source\vendors\yiisoft\yii\framework\web\CWidgetFactory.php(146): YiiBase::import('frontend.widget...', true)
#1 E:\Profiles\SmallOT\airbooking\web\source\vendors\yiisoft\yii\framework\web\CBaseController.php(146): CWidgetFactory->createWidget(Object(SiteController), 'frontend.widget...', Array)
#2 E:\Profiles\SmallOT\airbooking\web\source\vendors\yiisoft\yii\framework\web\CBaseController.php(172): CBaseController->createWidget('frontend.widget...', Array)
#3 E:\Profiles\SmallOT\airbooking\web\themes\v2\views\layouts\_partials\popup_login.php(8): CBaseController->widget('frontend.widget...')
#4 E:\Profiles\SmallOT\airbooking\web\source\vendors\yiisoft\yii\framework\web\CBaseController.php(126): require('E:\Profiles\Sma...')
#5 E:\Profiles\SmallOT\airbooking\web\source\vendors\yiisoft\yii\framework\web\CBaseController.php(95): CBaseController->renderInternal('E:\Profiles\Sma...', Array, true)
#6 E:\Profiles\SmallOT\airbooking\web\source\vendors\yiisoft\yii\framework\web\widgets\CContentDecorator.php(76): CBaseController->renderFile('E:\Profiles\Sma...', Array, true)
#7 E:\Profiles\SmallOT\airbooking\web\source\vendors\yiisoft\yii\framework\web\widgets\CContentDecorator.php(54): CContentDecorator->decorate('')
#8 E:\Profiles\SmallOT\airbooking\web\source\vendors\yiisoft\yii\framework\web\widgets\COutputProcessor.php(44): CContentDecorator->processOutput('')
#9 E:\Profiles\SmallOT\airbooking\web\source\vendors\yiisoft\yii\framework\web\CBaseController.php(206): COutputProcessor->run()
#10 E:\Profiles\SmallOT\airbooking\web\source\vendors\yiisoft\yii\framework\web\CBaseController.php(300): CBaseController->endWidget('CContentDecorat...')
#11 E:\Profiles\SmallOT\airbooking\web\themes\v2\views\layouts\main.php(11): CBaseController->endContent()
#12 E:\Profiles\SmallOT\airbooking\web\source\vendors\yiisoft\yii\framework\web\CBaseController.php(126): require('E:\Profiles\Sma...')
#13 E:\Profiles\SmallOT\airbooking\web\source\vendors\yiisoft\yii\framework\web\CBaseController.php(95): CBaseController->renderInternal('E:\Profiles\Sma...', Array, true)
#14 E:\Profiles\SmallOT\airbooking\web\source\vendors\yiisoft\yii\framework\web\CController.php(784): CBaseController->renderFile('E:\Profiles\Sma...', Array, true)
#15 E:\Profiles\SmallOT\airbooking\web\source\frontend\protected\controllers\SiteController.php(23): CController->render('index')
#16 E:\Profiles\SmallOT\airbooking\web\source\vendors\yiisoft\yii\framework\web\actions\CInlineAction.php(49): SiteController->actionIndex()
#17 E:\Profiles\SmallOT\airbooking\web\source\vendors\yiisoft\yii\framework\web\CController.php(308): CInlineAction->runWithParams(Array)
#18 E:\Profiles\SmallOT\airbooking\web\source\vendors\yiisoft\yii\framework\web\CController.php(286): CController->runAction(Object(CInlineAction))
#19 E:\Profiles\SmallOT\airbooking\web\source\vendors\yiisoft\yii\framework\web\CController.php(265): CController->runActionWithFilters(Object(CInlineAction), Array)
#20 E:\Profiles\SmallOT\airbooking\web\source\vendors\yiisoft\yii\framework\web\CWebApplication.php(282): CController->run('')
#21 E:\Profiles\SmallOT\airbooking\web\source\vendors\yiisoft\yii\framework\web\CWebApplication.php(141): CWebApplication->runController('')
#22 E:\Profiles\SmallOT\airbooking\web\source\vendors\yiisoft\yii\framework\base\CApplication.php(180): CWebApplication->processRequest()
#23 E:\Profiles\SmallOT\airbooking\web\index.php(15): CApplication->run()
#24 {main}
REQUEST_URI=/
---
2014/03/07 18:35:58 [error] [exception.CException] exception 'CException' with message 'Alias "frontend.widgets.home.QuickBooking" không có hiệu lực. Phải chắc chắn nó chỉ đến một tập tin PHP đã có.' in E:\Profiles\SmallOT\airbooking\web\source\vendors\yiisoft\yii\framework\YiiBase.php:322
Stack trace:
#0 E:\Profiles\SmallOT\airbooking\web\source\vendors\yiisoft\yii\framework\web\CWidgetFactory.php(146): YiiBase::import('frontend.widget...', true)
#1 E:\Profiles\SmallOT\airbooking\web\source\vendors\yiisoft\yii\framework\web\CBaseController.php(146): CWidgetFactory->createWidget(Object(SiteController), 'frontend.widget...', Array)
#2 E:\Profiles\SmallOT\airbooking\web\source\vendors\yiisoft\yii\framework\web\CBaseController.php(172): CBaseController->createWidget('frontend.widget...', Array)
#3 E:\Profiles\SmallOT\airbooking\web\themes\v2\views\layouts\main.php(14): CBaseController->widget('frontend.widget...')
#4 E:\Profiles\SmallOT\airbooking\web\source\vendors\yiisoft\yii\framework\web\CBaseController.php(126): require('E:\Profiles\Sma...')
#5 E:\Profiles\SmallOT\airbooking\web\source\vendors\yiisoft\yii\framework\web\CBaseController.php(95): CBaseController->renderInternal('E:\Profiles\Sma...', Array, true)
#6 E:\Profiles\SmallOT\airbooking\web\source\vendors\yiisoft\yii\framework\web\CController.php(784): CBaseController->renderFile('E:\Profiles\Sma...', Array, true)
#7 E:\Profiles\SmallOT\airbooking\web\source\frontend\protected\controllers\SiteController.php(23): CController->render('index')
#8 E:\Profiles\SmallOT\airbooking\web\source\vendors\yiisoft\yii\framework\web\actions\CInlineAction.php(49): SiteController->actionIndex()
#9 E:\Profiles\SmallOT\airbooking\web\source\vendors\yiisoft\yii\framework\web\CController.php(308): CInlineAction->runWithParams(Array)
#10 E:\Profiles\SmallOT\airbooking\web\source\vendors\yiisoft\yii\framework\web\CController.php(286): CController->runAction(Object(CInlineAction))
#11 E:\Profiles\SmallOT\airbooking\web\source\vendors\yiisoft\yii\framework\web\CController.php(265): CController->runActionWithFilters(Object(CInlineAction), Array)
#12 E:\Profiles\SmallOT\airbooking\web\source\vendors\yiisoft\yii\framework\web\CWebApplication.php(282): CController->run('')
#13 E:\Profiles\SmallOT\airbooking\web\source\vendors\yiisoft\yii\framework\web\CWebApplication.php(141): CWebApplication->runController('')
#14 E:\Profiles\SmallOT\airbooking\web\source\vendors\yiisoft\yii\framework\base\CApplication.php(180): CWebApplication->processRequest()
#15 E:\Profiles\SmallOT\airbooking\web\index.php(15): CApplication->run()
#16 {main}
REQUEST_URI=/
---
2014/03/08 02:02:34 [error] [php] include(SessionBooking.php) [<a href='function.include'>function.include</a>]: failed to open stream: No such file or directory (E:\Profiles\SmallOT\airbooking\web\source\vendors\yiisoft\yii\framework\YiiBase.php:427)
Stack trace:
#0 E:\Profiles\SmallOT\airbooking\web\source\frontend\protected\controllers\FlightBookingController.php(17): spl_autoload_call()
#1 unknown(0): FlightBookingController->actionResult()
#2 E:\Profiles\SmallOT\airbooking\web\source\vendors\yiisoft\yii\framework\web\actions\CAction.php(108): ReflectionMethod->invokeArgs()
#3 E:\Profiles\SmallOT\airbooking\web\source\vendors\yiisoft\yii\framework\web\actions\CInlineAction.php(47): CInlineAction->runWithParamsInternal()
#4 E:\Profiles\SmallOT\airbooking\web\source\vendors\yiisoft\yii\framework\web\CController.php(308): CInlineAction->runWithParams()
#5 E:\Profiles\SmallOT\airbooking\web\source\vendors\yiisoft\yii\framework\web\CController.php(286): FlightBookingController->runAction()
#6 E:\Profiles\SmallOT\airbooking\web\source\vendors\yiisoft\yii\framework\web\CController.php(265): FlightBookingController->runActionWithFilters()
#7 E:\Profiles\SmallOT\airbooking\web\source\vendors\yiisoft\yii\framework\web\CWebApplication.php(282): FlightBookingController->run()
#8 E:\Profiles\SmallOT\airbooking\web\source\vendors\yiisoft\yii\framework\web\CWebApplication.php(141): CWebApplication->runController()
#9 E:\Profiles\SmallOT\airbooking\web\source\vendors\yiisoft\yii\framework\base\CApplication.php(180): CWebApplication->processRequest()
#10 E:\Profiles\SmallOT\airbooking\web\index.php(15): CWebApplication->run()
REQUEST_URI=/flightBooking/result?ajax=1
in E:\Profiles\SmallOT\airbooking\web\source\frontend\protected\controllers\FlightBookingController.php (17)
in E:\Profiles\SmallOT\airbooking\web\index.php (15)
2014/03/08 02:03:05 [error] [php] Indirect modification of overloaded property SessionBooking::$data_step has no effect (E:\Profiles\SmallOT\airbooking\web\source\backend\protected\modules\booking\models\SessionBooking.php:120)
Stack trace:
#0 E:\Profiles\SmallOT\airbooking\web\source\vendors\yiisoft\yii\framework\web\actions\CAction.php(108): ReflectionMethod->invokeArgs()
#1 E:\Profiles\SmallOT\airbooking\web\source\vendors\yiisoft\yii\framework\web\actions\CInlineAction.php(47): CInlineAction->runWithParamsInternal()
#2 E:\Profiles\SmallOT\airbooking\web\source\vendors\yiisoft\yii\framework\web\CController.php(308): CInlineAction->runWithParams()
#3 E:\Profiles\SmallOT\airbooking\web\source\vendors\yiisoft\yii\framework\web\CController.php(286): FlightBookingController->runAction()
#4 E:\Profiles\SmallOT\airbooking\web\source\vendors\yiisoft\yii\framework\web\CController.php(265): FlightBookingController->runActionWithFilters()
#5 E:\Profiles\SmallOT\airbooking\web\source\vendors\yiisoft\yii\framework\web\CWebApplication.php(282): FlightBookingController->run()
#6 E:\Profiles\SmallOT\airbooking\web\source\vendors\yiisoft\yii\framework\web\CWebApplication.php(141): CWebApplication->runController()
#7 E:\Profiles\SmallOT\airbooking\web\source\vendors\yiisoft\yii\framework\base\CApplication.php(180): CWebApplication->processRequest()
#8 E:\Profiles\SmallOT\airbooking\web\index.php(15): CWebApplication->run()
REQUEST_URI=/flightBooking/result?ajax=1
in E:\Profiles\SmallOT\airbooking\web\source\backend\protected\modules\booking\models\SessionBooking.php (120)
in E:\Profiles\SmallOT\airbooking\web\source\frontend\protected\controllers\FlightBookingController.php (18)
in E:\Profiles\SmallOT\airbooking\web\index.php (15)
2014/03/08 02:03:14 [error] [php] Indirect modification of overloaded property SessionBooking::$data_step has no effect (E:\Profiles\SmallOT\airbooking\web\source\backend\protected\modules\booking\models\SessionBooking.php:120)
Stack trace:
#0 E:\Profiles\SmallOT\airbooking\web\source\vendors\yiisoft\yii\framework\web\actions\CAction.php(108): ReflectionMethod->invokeArgs()
#1 E:\Profiles\SmallOT\airbooking\web\source\vendors\yiisoft\yii\framework\web\actions\CInlineAction.php(47): CInlineAction->runWithParamsInternal()
#2 E:\Profiles\SmallOT\airbooking\web\source\vendors\yiisoft\yii\framework\web\CController.php(308): CInlineAction->runWithParams()
#3 E:\Profiles\SmallOT\airbooking\web\source\vendors\yiisoft\yii\framework\web\CController.php(286): FlightBookingController->runAction()
#4 E:\Profiles\SmallOT\airbooking\web\source\vendors\yiisoft\yii\framework\web\CController.php(265): FlightBookingController->runActionWithFilters()
#5 E:\Profiles\SmallOT\airbooking\web\source\vendors\yiisoft\yii\framework\web\CWebApplication.php(282): FlightBookingController->run()
#6 E:\Profiles\SmallOT\airbooking\web\source\vendors\yiisoft\yii\framework\web\CWebApplication.php(141): CWebApplication->runController()
#7 E:\Profiles\SmallOT\airbooking\web\source\vendors\yiisoft\yii\framework\base\CApplication.php(180): CWebApplication->processRequest()
#8 E:\Profiles\SmallOT\airbooking\web\index.php(15): CWebApplication->run()
REQUEST_URI=/flightBooking/result?ajax=1
in E:\Profiles\SmallOT\airbooking\web\source\backend\protected\modules\booking\models\SessionBooking.php (120)
in E:\Profiles\SmallOT\airbooking\web\source\frontend\protected\controllers\FlightBookingController.php (18)
in E:\Profiles\SmallOT\airbooking\web\index.php (15)
2014/03/08 02:03:58 [error] [php] Indirect modification of overloaded property SessionBooking::$data_step has no effect (E:\Profiles\SmallOT\airbooking\web\source\backend\protected\modules\booking\models\SessionBooking.php:120)
Stack trace:
#0 E:\Profiles\SmallOT\airbooking\web\source\vendors\yiisoft\yii\framework\web\actions\CAction.php(108): ReflectionMethod->invokeArgs()
#1 E:\Profiles\SmallOT\airbooking\web\source\vendors\yiisoft\yii\framework\web\actions\CInlineAction.php(47): CInlineAction->runWithParamsInternal()
#2 E:\Profiles\SmallOT\airbooking\web\source\vendors\yiisoft\yii\framework\web\CController.php(308): CInlineAction->runWithParams()
#3 E:\Profiles\SmallOT\airbooking\web\source\vendors\yiisoft\yii\framework\web\CController.php(286): FlightBookingController->runAction()
#4 E:\Profiles\SmallOT\airbooking\web\source\vendors\yiisoft\yii\framework\web\CController.php(265): FlightBookingController->runActionWithFilters()
#5 E:\Profiles\SmallOT\airbooking\web\source\vendors\yiisoft\yii\framework\web\CWebApplication.php(282): FlightBookingController->run()
#6 E:\Profiles\SmallOT\airbooking\web\source\vendors\yiisoft\yii\framework\web\CWebApplication.php(141): CWebApplication->runController()
#7 E:\Profiles\SmallOT\airbooking\web\source\vendors\yiisoft\yii\framework\base\CApplication.php(180): CWebApplication->processRequest()
#8 E:\Profiles\SmallOT\airbooking\web\index.php(15): CWebApplication->run()
REQUEST_URI=/flightBooking/result?ajax=1
in E:\Profiles\SmallOT\airbooking\web\source\backend\protected\modules\booking\models\SessionBooking.php (120)
in E:\Profiles\SmallOT\airbooking\web\source\frontend\protected\controllers\FlightBookingController.php (18)
in E:\Profiles\SmallOT\airbooking\web\index.php (15)
2014/03/08 02:06:16 [error] [exception.CException] exception 'CException' with message 'FlightBookingController không tìm được view: "result".' in E:\Profiles\SmallOT\airbooking\web\source\vendors\yiisoft\yii\framework\web\CController.php:878
Stack trace:
#0 E:\Profiles\SmallOT\airbooking\web\source\vendors\yiisoft\yii\framework\web\CController.php(782): CController->renderPartial('result', NULL, true)
#1 E:\Profiles\SmallOT\airbooking\web\source\frontend\protected\controllers\FlightBookingController.php(24): CController->render('result')
#2 [internal function]: FlightBookingController->actionResult('WLOmm2Z1fM6s')
#3 E:\Profiles\SmallOT\airbooking\web\source\vendors\yiisoft\yii\framework\web\actions\CAction.php(108): ReflectionMethod->invokeArgs(Object(FlightBookingController), Array)
#4 E:\Profiles\SmallOT\airbooking\web\source\vendors\yiisoft\yii\framework\web\actions\CInlineAction.php(47): CAction->runWithParamsInternal(Object(FlightBookingController), Object(ReflectionMethod), Array)
#5 E:\Profiles\SmallOT\airbooking\web\source\vendors\yiisoft\yii\framework\web\CController.php(308): CInlineAction->runWithParams(Array)
#6 E:\Profiles\SmallOT\airbooking\web\source\vendors\yiisoft\yii\framework\web\CController.php(286): CController->runAction(Object(CInlineAction))
#7 E:\Profiles\SmallOT\airbooking\web\source\vendors\yiisoft\yii\framework\web\CController.php(265): CController->runActionWithFilters(Object(CInlineAction), Array)
#8 E:\Profiles\SmallOT\airbooking\web\source\vendors\yiisoft\yii\framework\web\CWebApplication.php(282): CController->run('result')
#9 E:\Profiles\SmallOT\airbooking\web\source\vendors\yiisoft\yii\framework\web\CWebApplication.php(141): CWebApplication->runController('flightBooking/r...')
#10 E:\Profiles\SmallOT\airbooking\web\source\vendors\yiisoft\yii\framework\base\CApplication.php(180): CWebApplication->processRequest()
#11 E:\Profiles\SmallOT\airbooking\web\index.php(15): CApplication->run()
#12 {main}
REQUEST_URI=/flightBooking/result?session_key=WLOmm2Z1fM6s
HTTP_REFERER=http://localhost.airbooking.com/
---
2014/03/08 03:23:20 [error] [php] Undefined variable: model (E:\Profiles\SmallOT\airbooking\web\source\frontend\protected\views\flightBooking\result.php:5)
Stack trace:
#0 E:\Profiles\SmallOT\airbooking\web\source\vendors\yiisoft\yii\framework\web\CController.php(869): FlightBookingController->renderFile()
#1 E:\Profiles\SmallOT\airbooking\web\source\vendors\yiisoft\yii\framework\web\CController.php(782): FlightBookingController->renderPartial()
#2 E:\Profiles\SmallOT\airbooking\web\source\frontend\protected\controllers\FlightBookingController.php(25): FlightBookingController->render()
#3 unknown(0): FlightBookingController->actionResult()
#4 E:\Profiles\SmallOT\airbooking\web\source\vendors\yiisoft\yii\framework\web\actions\CAction.php(108): ReflectionMethod->invokeArgs()
#5 E:\Profiles\SmallOT\airbooking\web\source\vendors\yiisoft\yii\framework\web\actions\CInlineAction.php(47): CInlineAction->runWithParamsInternal()
#6 E:\Profiles\SmallOT\airbooking\web\source\vendors\yiisoft\yii\framework\web\CController.php(308): CInlineAction->runWithParams()
#7 E:\Profiles\SmallOT\airbooking\web\source\vendors\yiisoft\yii\framework\web\CController.php(286): FlightBookingController->runAction()
#8 E:\Profiles\SmallOT\airbooking\web\source\vendors\yiisoft\yii\framework\web\CController.php(265): FlightBookingController->runActionWithFilters()
#9 E:\Profiles\SmallOT\airbooking\web\source\vendors\yiisoft\yii\framework\web\CWebApplication.php(282): FlightBookingController->run()
#10 E:\Profiles\SmallOT\airbooking\web\source\vendors\yiisoft\yii\framework\web\CWebApplication.php(141): CWebApplication->runController()
#11 E:\Profiles\SmallOT\airbooking\web\source\vendors\yiisoft\yii\framework\base\CApplication.php(180): CWebApplication->processRequest()
#12 E:\Profiles\SmallOT\airbooking\web\index.php(15): CWebApplication->run()
REQUEST_URI=/flightBooking/result?session_key=WLOmm2Z1fM6s
in E:\Profiles\SmallOT\airbooking\web\source\frontend\protected\views\flightBooking\result.php (5)
in E:\Profiles\SmallOT\airbooking\web\source\frontend\protected\controllers\FlightBookingController.php (25)
in E:\Profiles\SmallOT\airbooking\web\index.php (15)
2014/03/08 03:24:35 [error] [exception.CException] exception 'CException' with message 'Thuộc tính "BookingForm.data_step" chưa được định nghĩa.' in E:\Profiles\SmallOT\airbooking\web\source\vendors\yiisoft\yii\framework\base\CComponent.php:130
Stack trace:
#0 E:\Profiles\SmallOT\airbooking\web\source\frontend\protected\models\BookingSearchForm.php(29): CComponent->__get('data_step')
#1 E:\Profiles\SmallOT\airbooking\web\source\frontend\protected\controllers\FlightBookingController.php(34): BookingSearchForm->getSearch()
#2 E:\Profiles\SmallOT\airbooking\web\source\vendors\yiisoft\yii\framework\web\actions\CInlineAction.php(49): FlightBookingController->actionSearch()
#3 E:\Profiles\SmallOT\airbooking\web\source\vendors\yiisoft\yii\framework\web\CController.php(308): CInlineAction->runWithParams(Array)
#4 E:\Profiles\SmallOT\airbooking\web\source\vendors\yiisoft\yii\framework\web\CController.php(286): CController->runAction(Object(CInlineAction))
#5 E:\Profiles\SmallOT\airbooking\web\source\vendors\yiisoft\yii\framework\web\CController.php(265): CController->runActionWithFilters(Object(CInlineAction), Array)
#6 E:\Profiles\SmallOT\airbooking\web\source\vendors\yiisoft\yii\framework\web\CWebApplication.php(282): CController->run('search')
#7 E:\Profiles\SmallOT\airbooking\web\source\vendors\yiisoft\yii\framework\web\CWebApplication.php(141): CWebApplication->runController('flightBooking/s...')
#8 E:\Profiles\SmallOT\airbooking\web\source\vendors\yiisoft\yii\framework\base\CApplication.php(180): CWebApplication->processRequest()
#9 E:\Profiles\SmallOT\airbooking\web\index.php(15): CApplication->run()
#10 {main}
REQUEST_URI=/flightBooking/search
HTTP_REFERER=http://localhost.airbooking.com/flightBooking/result?session_key=WLOmm2Z1fM6s
---
2014/03/08 03:24:40 [error] [exception.CException] exception 'CException' with message 'Thuộc tính "BookingForm.data_step" chưa được định nghĩa.' in E:\Profiles\SmallOT\airbooking\web\source\vendors\yiisoft\yii\framework\base\CComponent.php:130
Stack trace:
#0 E:\Profiles\SmallOT\airbooking\web\source\frontend\protected\models\BookingSearchForm.php(29): CComponent->__get('data_step')
#1 E:\Profiles\SmallOT\airbooking\web\source\frontend\protected\controllers\FlightBookingController.php(34): BookingSearchForm->getSearch()
#2 E:\Profiles\SmallOT\airbooking\web\source\vendors\yiisoft\yii\framework\web\actions\CInlineAction.php(49): FlightBookingController->actionSearch()
#3 E:\Profiles\SmallOT\airbooking\web\source\vendors\yiisoft\yii\framework\web\CController.php(308): CInlineAction->runWithParams(Array)
#4 E:\Profiles\SmallOT\airbooking\web\source\vendors\yiisoft\yii\framework\web\CController.php(286): CController->runAction(Object(CInlineAction))
#5 E:\Profiles\SmallOT\airbooking\web\source\vendors\yiisoft\yii\framework\web\CController.php(265): CController->runActionWithFilters(Object(CInlineAction), Array)
#6 E:\Profiles\SmallOT\airbooking\web\source\vendors\yiisoft\yii\framework\web\CWebApplication.php(282): CController->run('search')
#7 E:\Profiles\SmallOT\airbooking\web\source\vendors\yiisoft\yii\framework\web\CWebApplication.php(141): CWebApplication->runController('flightBooking/s...')
#8 E:\Profiles\SmallOT\airbooking\web\source\vendors\yiisoft\yii\framework\base\CApplication.php(180): CWebApplication->processRequest()
#9 E:\Profiles\SmallOT\airbooking\web\index.php(15): CApplication->run()
#10 {main}
REQUEST_URI=/flightBooking/search
---
2014/03/08 03:25:18 [error] [php] include(FApi.php) [<a href='function.include'>function.include</a>]: failed to open stream: No such file or directory (E:\Profiles\SmallOT\airbooking\web\source\vendors\yiisoft\yii\framework\YiiBase.php:427)
Stack trace:
#0 E:\Profiles\SmallOT\airbooking\web\source\frontend\protected\models\BookingSearchForm.php(50): spl_autoload_call()
#1 E:\Profiles\SmallOT\airbooking\web\source\frontend\protected\controllers\FlightBookingController.php(34): BookingSearchForm->getSearch()
#2 E:\Profiles\SmallOT\airbooking\web\source\vendors\yiisoft\yii\framework\web\actions\CInlineAction.php(49): FlightBookingController->actionSearch()
#3 E:\Profiles\SmallOT\airbooking\web\source\vendors\yiisoft\yii\framework\web\CController.php(308): CInlineAction->runWithParams()
#4 E:\Profiles\SmallOT\airbooking\web\source\vendors\yiisoft\yii\framework\web\CController.php(286): FlightBookingController->runAction()
#5 E:\Profiles\SmallOT\airbooking\web\source\vendors\yiisoft\yii\framework\web\CController.php(265): FlightBookingController->runActionWithFilters()
#6 E:\Profiles\SmallOT\airbooking\web\source\vendors\yiisoft\yii\framework\web\CWebApplication.php(282): FlightBookingController->run()
#7 E:\Profiles\SmallOT\airbooking\web\source\vendors\yiisoft\yii\framework\web\CWebApplication.php(141): CWebApplication->runController()
#8 E:\Profiles\SmallOT\airbooking\web\source\vendors\yiisoft\yii\framework\base\CApplication.php(180): CWebApplication->processRequest()
#9 E:\Profiles\SmallOT\airbooking\web\index.php(15): CWebApplication->run()
REQUEST_URI=/flightBooking/search
in E:\Profiles\SmallOT\airbooking\web\source\frontend\protected\models\BookingSearchForm.php (50)
in E:\Profiles\SmallOT\airbooking\web\source\frontend\protected\controllers\FlightBookingController.php (34)
in E:\Profiles\SmallOT\airbooking\web\index.php (15)
2014/03/08 03:25:35 [error] [php] strlen() expects parameter 1 to be string, array given (E:\Profiles\SmallOT\airbooking\web\source\backend\protected\modules\booking\components\FApi.php:10)
Stack trace:
#0 E:\Profiles\SmallOT\airbooking\web\source\frontend\protected\controllers\FlightBookingController.php(34): BookingSearchForm->getSearch()
#1 E:\Profiles\SmallOT\airbooking\web\source\vendors\yiisoft\yii\framework\web\actions\CInlineAction.php(49): FlightBookingController->actionSearch()
#2 E:\Profiles\SmallOT\airbooking\web\source\vendors\yiisoft\yii\framework\web\CController.php(308): CInlineAction->runWithParams()
#3 E:\Profiles\SmallOT\airbooking\web\source\vendors\yiisoft\yii\framework\web\CController.php(286): FlightBookingController->runAction()
#4 E:\Profiles\SmallOT\airbooking\web\source\vendors\yiisoft\yii\framework\web\CController.php(265): FlightBookingController->runActionWithFilters()
#5 E:\Profiles\SmallOT\airbooking\web\source\vendors\yiisoft\yii\framework\web\CWebApplication.php(282): FlightBookingController->run()
#6 E:\Profiles\SmallOT\airbooking\web\source\vendors\yiisoft\yii\framework\web\CWebApplication.php(141): CWebApplication->runController()
#7 E:\Profiles\SmallOT\airbooking\web\source\vendors\yiisoft\yii\framework\base\CApplication.php(180): CWebApplication->processRequest()
#8 E:\Profiles\SmallOT\airbooking\web\index.php(15): CWebApplication->run()
REQUEST_URI=/flightBooking/search
in E:\Profiles\SmallOT\airbooking\web\source\backend\protected\modules\booking\components\FApi.php (10)
in E:\Profiles\SmallOT\airbooking\web\source\frontend\protected\models\BookingSearchForm.php (50)
in E:\Profiles\SmallOT\airbooking\web\source\frontend\protected\controllers\FlightBookingController.php (34)
2014/03/11 16:55:19 [error] [php] Object of class Location could not be converted to string (E:\Profiles\SmallOT\airbooking\web\source\vendors\yiisoft\yii\framework\web\helpers\CHtml.php:2343)
Stack trace:
#0 E:\Profiles\SmallOT\airbooking\web\source\frontend\protected\widgets\views\quick_booking.php(10): CActiveForm->dropDownList()
#1 E:\Profiles\SmallOT\airbooking\web\source\vendors\yiisoft\yii\framework\web\CBaseController.php(130): require()
#2 E:\Profiles\SmallOT\airbooking\web\source\vendors\yiisoft\yii\framework\web\CBaseController.php(95): QuickBooking->renderInternal()
#3 E:\Profiles\SmallOT\airbooking\web\source\vendors\yiisoft\yii\framework\web\widgets\CWidget.php(244): QuickBooking->renderFile()
#4 E:\Profiles\SmallOT\airbooking\web\source\frontend\protected\widgets\QuickBooking.php(22): QuickBooking->render()
#5 E:\Profiles\SmallOT\airbooking\web\source\vendors\yiisoft\yii\framework\web\CBaseController.php(173): QuickBooking->run()
#6 E:\Profiles\SmallOT\airbooking\web\source\frontend\protected\views\site\index.php(1): SiteController->widget()
#7 E:\Profiles\SmallOT\airbooking\web\source\vendors\yiisoft\yii\framework\web\CBaseController.php(126): require()
#8 E:\Profiles\SmallOT\airbooking\web\source\vendors\yiisoft\yii\framework\web\CBaseController.php(95): SiteController->renderInternal()
#9 E:\Profiles\SmallOT\airbooking\web\source\vendors\yiisoft\yii\framework\web\CController.php(869): SiteController->renderFile()
#10 E:\Profiles\SmallOT\airbooking\web\source\vendors\yiisoft\yii\framework\web\CController.php(782): SiteController->renderPartial()
#11 E:\Profiles\SmallOT\airbooking\web\source\frontend\protected\controllers\SiteController.php(23): SiteController->render()
#12 E:\Profiles\SmallOT\airbooking\web\source\vendors\yiisoft\yii\framework\web\actions\CInlineAction.php(49): SiteController->actionIndex()
#13 E:\Profiles\SmallOT\airbooking\web\source\vendors\yiisoft\yii\framework\web\CController.php(308): CInlineAction->runWithParams()
#14 E:\Profiles\SmallOT\airbooking\web\source\vendors\yiisoft\yii\framework\web\CController.php(286): SiteController->runAction()
#15 E:\Profiles\SmallOT\airbooking\web\source\vendors\yiisoft\yii\framework\web\CController.php(265): SiteController->runActionWithFilters()
#16 E:\Profiles\SmallOT\airbooking\web\source\vendors\yiisoft\yii\framework\web\CWebApplication.php(282): SiteController->run()
#17 E:\Profiles\SmallOT\airbooking\web\source\vendors\yiisoft\yii\framework\web\CWebApplication.php(141): CWebApplication->runController()
#18 E:\Profiles\SmallOT\airbooking\web\source\vendors\yiisoft\yii\framework\base\CApplication.php(180): CWebApplication->processRequest()
#19 E:\Profiles\SmallOT\airbooking\web\index.php(15): CWebApplication->run()
REQUEST_URI=/
in E:\Profiles\SmallOT\airbooking\web\source\frontend\protected\widgets\views\quick_booking.php (10)
in E:\Profiles\SmallOT\airbooking\web\source\frontend\protected\widgets\QuickBooking.php (22)
in E:\Profiles\SmallOT\airbooking\web\source\frontend\protected\views\site\index.php (1)
2014/03/13 01:15:10 [error] [exception.CHttpException.404] exception 'CHttpException' with message 'Hệ thống không thể tìm được hành động yêu cầu "test".' in E:\Profiles\SmallOT\airbooking\web\source\vendors\yiisoft\yii\framework\web\CController.php:483
Stack trace:
#0 E:\Profiles\SmallOT\airbooking\web\source\vendors\yiisoft\yii\framework\web\CController.php(270): CController->missingAction('test')
#1 E:\Profiles\SmallOT\airbooking\web\source\vendors\yiisoft\yii\framework\web\CWebApplication.php(282): CController->run('test')
#2 E:\Profiles\SmallOT\airbooking\web\source\vendors\yiisoft\yii\framework\web\CWebApplication.php(141): CWebApplication->runController('flightBooking/t...')
#3 E:\Profiles\SmallOT\airbooking\web\source\vendors\yiisoft\yii\framework\base\CApplication.php(180): CWebApplication->processRequest()
#4 E:\Profiles\SmallOT\airbooking\web\index.php(15): CApplication->run()
#5 {main}
REQUEST_URI=/flightBooking/test
---
2014/03/13 17:34:35 [error] [exception.CException] exception 'CException' with message 'Thuộc tính "SessionBooking.fareInfo" chưa được định nghĩa.' in E:\Profiles\SmallOT\airbooking\web\source\vendors\yiisoft\yii\framework\base\CComponent.php:130
Stack trace:
#0 E:\Profiles\SmallOT\airbooking\web\source\vendors\yiisoft\yii\framework\db\ar\CActiveRecord.php(145): CComponent->__get('fareInfo')
#1 E:\Profiles\SmallOT\airbooking\web\source\vendors\yiisoft\yii\framework\base\CModel.php(596): CActiveRecord->__get('fareInfo')
#2 E:\Profiles\SmallOT\airbooking\web\source\frontend\protected\models\BookingSearchForm.php(70): CModel->offsetGet('fareInfo')
#3 E:\Profiles\SmallOT\airbooking\web\source\frontend\protected\controllers\FlightBookingController.php(34): BookingSearchForm->getSearch()
#4 E:\Profiles\SmallOT\airbooking\web\source\vendors\yiisoft\yii\framework\web\actions\CInlineAction.php(49): FlightBookingController->actionSearch()
#5 E:\Profiles\SmallOT\airbooking\web\source\vendors\yiisoft\yii\framework\web\CController.php(308): CInlineAction->runWithParams(Array)
#6 E:\Profiles\SmallOT\airbooking\web\source\vendors\yiisoft\yii\framework\web\CController.php(286): CController->runAction(Object(CInlineAction))
#7 E:\Profiles\SmallOT\airbooking\web\source\vendors\yiisoft\yii\framework\web\CController.php(265): CController->runActionWithFilters(Object(CInlineAction), Array)
#8 E:\Profiles\SmallOT\airbooking\web\source\vendors\yiisoft\yii\framework\web\CWebApplication.php(282): CController->run('search')
#9 E:\Profiles\SmallOT\airbooking\web\source\vendors\yiisoft\yii\framework\web\CWebApplication.php(141): CWebApplication->runController('flightBooking/s...')
#10 E:\Profiles\SmallOT\airbooking\web\source\vendors\yiisoft\yii\framework\base\CApplication.php(180): CWebApplication->processRequest()
#11 E:\Profiles\SmallOT\airbooking\web\index.php(15): CApplication->run()
#12 {main}
REQUEST_URI=/flightBooking/search
HTTP_REFERER=http://localhost.airbooking.com/flightBooking/result?session_key=VXqrjYN2nOHAeg%253D%253D
---
2014/03/13 17:34:52 [error] [exception.CException] exception 'CException' with message 'Thuộc tính "SessionBooking.fareInfo" chưa được định nghĩa.' in E:\Profiles\SmallOT\airbooking\web\source\vendors\yiisoft\yii\framework\base\CComponent.php:130
Stack trace:
#0 E:\Profiles\SmallOT\airbooking\web\source\vendors\yiisoft\yii\framework\db\ar\CActiveRecord.php(145): CComponent->__get('fareInfo')
#1 E:\Profiles\SmallOT\airbooking\web\source\vendors\yiisoft\yii\framework\base\CModel.php(596): CActiveRecord->__get('fareInfo')
#2 E:\Profiles\SmallOT\airbooking\web\source\frontend\protected\models\BookingSearchForm.php(70): CModel->offsetGet('fareInfo')
#3 E:\Profiles\SmallOT\airbooking\web\source\frontend\protected\controllers\FlightBookingController.php(34): BookingSearchForm->getSearch()
#4 E:\Profiles\SmallOT\airbooking\web\source\vendors\yiisoft\yii\framework\web\actions\CInlineAction.php(49): FlightBookingController->actionSearch()
#5 E:\Profiles\SmallOT\airbooking\web\source\vendors\yiisoft\yii\framework\web\CController.php(308): CInlineAction->runWithParams(Array)
#6 E:\Profiles\SmallOT\airbooking\web\source\vendors\yiisoft\yii\framework\web\CController.php(286): CController->runAction(Object(CInlineAction))
#7 E:\Profiles\SmallOT\airbooking\web\source\vendors\yiisoft\yii\framework\web\CController.php(265): CController->runActionWithFilters(Object(CInlineAction), Array)
#8 E:\Profiles\SmallOT\airbooking\web\source\vendors\yiisoft\yii\framework\web\CWebApplication.php(282): CController->run('search')
#9 E:\Profiles\SmallOT\airbooking\web\source\vendors\yiisoft\yii\framework\web\CWebApplication.php(141): CWebApplication->runController('flightBooking/s...')
#10 E:\Profiles\SmallOT\airbooking\web\source\vendors\yiisoft\yii\framework\base\CApplication.php(180): CWebApplication->processRequest()
#11 E:\Profiles\SmallOT\airbooking\web\index.php(15): CApplication->run()
#12 {main}
REQUEST_URI=/flightBooking/search
---
2014/03/13 17:36:04 [error] [exception.CException] exception 'CException' with message 'Thuộc tính "SessionBooking.fareInfo" chưa được định nghĩa.' in E:\Profiles\SmallOT\airbooking\web\source\vendors\yiisoft\yii\framework\base\CComponent.php:130
Stack trace:
#0 E:\Profiles\SmallOT\airbooking\web\source\vendors\yiisoft\yii\framework\db\ar\CActiveRecord.php(145): CComponent->__get('fareInfo')
#1 E:\Profiles\SmallOT\airbooking\web\source\vendors\yiisoft\yii\framework\base\CModel.php(596): CActiveRecord->__get('fareInfo')
#2 E:\Profiles\SmallOT\airbooking\web\source\frontend\protected\models\BookingSearchForm.php(81): CModel->offsetGet('fareInfo')
#3 E:\Profiles\SmallOT\airbooking\web\source\frontend\protected\controllers\FlightBookingController.php(34): BookingSearchForm->getSearch()
#4 E:\Profiles\SmallOT\airbooking\web\source\vendors\yiisoft\yii\framework\web\actions\CInlineAction.php(49): FlightBookingController->actionSearch()
#5 E:\Profiles\SmallOT\airbooking\web\source\vendors\yiisoft\yii\framework\web\CController.php(308): CInlineAction->runWithParams(Array)
#6 E:\Profiles\SmallOT\airbooking\web\source\vendors\yiisoft\yii\framework\web\CController.php(286): CController->runAction(Object(CInlineAction))
#7 E:\Profiles\SmallOT\airbooking\web\source\vendors\yiisoft\yii\framework\web\CController.php(265): CController->runActionWithFilters(Object(CInlineAction), Array)
#8 E:\Profiles\SmallOT\airbooking\web\source\vendors\yiisoft\yii\framework\web\CWebApplication.php(282): CController->run('search')
#9 E:\Profiles\SmallOT\airbooking\web\source\vendors\yiisoft\yii\framework\web\CWebApplication.php(141): CWebApplication->runController('flightBooking/s...')
#10 E:\Profiles\SmallOT\airbooking\web\source\vendors\yiisoft\yii\framework\base\CApplication.php(180): CWebApplication->processRequest()
#11 E:\Profiles\SmallOT\airbooking\web\index.php(15): CApplication->run()
#12 {main}
REQUEST_URI=/flightBooking/search
HTTP_REFERER=http://localhost.airbooking.com/flightBooking/result?session_key=VXqrjYN2nOHAeg%253D%253D
---
2014/03/13 17:36:10 [error] [exception.CException] exception 'CException' with message 'Thuộc tính "SessionBooking.fareInfo" chưa được định nghĩa.' in E:\Profiles\SmallOT\airbooking\web\source\vendors\yiisoft\yii\framework\base\CComponent.php:130
Stack trace:
#0 E:\Profiles\SmallOT\airbooking\web\source\vendors\yiisoft\yii\framework\db\ar\CActiveRecord.php(145): CComponent->__get('fareInfo')
#1 E:\Profiles\SmallOT\airbooking\web\source\vendors\yiisoft\yii\framework\base\CModel.php(596): CActiveRecord->__get('fareInfo')
#2 E:\Profiles\SmallOT\airbooking\web\source\frontend\protected\models\BookingSearchForm.php(81): CModel->offsetGet('fareInfo')
#3 E:\Profiles\SmallOT\airbooking\web\source\frontend\protected\controllers\FlightBookingController.php(34): BookingSearchForm->getSearch()
#4 E:\Profiles\SmallOT\airbooking\web\source\vendors\yiisoft\yii\framework\web\actions\CInlineAction.php(49): FlightBookingController->actionSearch()
#5 E:\Profiles\SmallOT\airbooking\web\source\vendors\yiisoft\yii\framework\web\CController.php(308): CInlineAction->runWithParams(Array)
#6 E:\Profiles\SmallOT\airbooking\web\source\vendors\yiisoft\yii\framework\web\CController.php(286): CController->runAction(Object(CInlineAction))
#7 E:\Profiles\SmallOT\airbooking\web\source\vendors\yiisoft\yii\framework\web\CController.php(265): CController->runActionWithFilters(Object(CInlineAction), Array)
#8 E:\Profiles\SmallOT\airbooking\web\source\vendors\yiisoft\yii\framework\web\CWebApplication.php(282): CController->run('search')
#9 E:\Profiles\SmallOT\airbooking\web\source\vendors\yiisoft\yii\framework\web\CWebApplication.php(141): CWebApplication->runController('flightBooking/s...')
#10 E:\Profiles\SmallOT\airbooking\web\source\vendors\yiisoft\yii\framework\base\CApplication.php(180): CWebApplication->processRequest()
#11 E:\Profiles\SmallOT\airbooking\web\index.php(15): CApplication->run()
#12 {main}
REQUEST_URI=/flightBooking/search
---
2014/03/17 16:21:04 [error] [php] Non-static method FApi::getSearch() should not be called statically, assuming $this from incompatible context (E:\Profiles\SmallOT\airbooking\web\source\frontend\protected\models\BookingSearchForm.php:52)
Stack trace:
#0 E:\Profiles\SmallOT\airbooking\web\source\vendors\yiisoft\yii\framework\web\CController.php(308): CInlineAction->runWithParams()
#1 E:\Profiles\SmallOT\airbooking\web\source\vendors\yiisoft\yii\framework\web\CController.php(286): FlightBookingController->runAction()
#2 E:\Profiles\SmallOT\airbooking\web\source\vendors\yiisoft\yii\framework\web\CController.php(265): FlightBookingController->runActionWithFilters()
#3 E:\Profiles\SmallOT\airbooking\web\source\vendors\yiisoft\yii\framework\web\CWebApplication.php(282): FlightBookingController->run()
#4 E:\Profiles\SmallOT\airbooking\web\source\vendors\yiisoft\yii\framework\web\CWebApplication.php(141): CWebApplication->runController()
#5 E:\Profiles\SmallOT\airbooking\web\source\vendors\yiisoft\yii\framework\base\CApplication.php(180): CWebApplication->processRequest()
#6 E:\Profiles\SmallOT\airbooking\web\index.php(15): CWebApplication->run()
REQUEST_URI=/flightBooking/search
in E:\Profiles\SmallOT\airbooking\web\source\frontend\protected\models\BookingSearchForm.php (52)
in E:\Profiles\SmallOT\airbooking\web\source\frontend\protected\controllers\FlightBookingController.php (34)
in E:\Profiles\SmallOT\airbooking\web\index.php (15)
2014/03/17 16:21:15 [error] [php] Non-static method FApi::getSearch() should not be called statically, assuming $this from incompatible context (E:\Profiles\SmallOT\airbooking\web\source\frontend\protected\models\BookingSearchForm.php:52)
Stack trace:
#0 E:\Profiles\SmallOT\airbooking\web\source\vendors\yiisoft\yii\framework\web\CController.php(308): CInlineAction->runWithParams()
#1 E:\Profiles\SmallOT\airbooking\web\source\vendors\yiisoft\yii\framework\web\CController.php(286): FlightBookingController->runAction()
#2 E:\Profiles\SmallOT\airbooking\web\source\vendors\yiisoft\yii\framework\web\CController.php(265): FlightBookingController->runActionWithFilters()
#3 E:\Profiles\SmallOT\airbooking\web\source\vendors\yiisoft\yii\framework\web\CWebApplication.php(282): FlightBookingController->run()
#4 E:\Profiles\SmallOT\airbooking\web\source\vendors\yiisoft\yii\framework\web\CWebApplication.php(141): CWebApplication->runController()
#5 E:\Profiles\SmallOT\airbooking\web\source\vendors\yiisoft\yii\framework\base\CApplication.php(180): CWebApplication->processRequest()
#6 E:\Profiles\SmallOT\airbooking\web\index.php(15): CWebApplication->run()
REQUEST_URI=/flightBooking/search
in E:\Profiles\SmallOT\airbooking\web\source\frontend\protected\models\BookingSearchForm.php (52)
in E:\Profiles\SmallOT\airbooking\web\source\frontend\protected\controllers\FlightBookingController.php (34)
in E:\Profiles\SmallOT\airbooking\web\index.php (15)
2014/03/22 14:19:31 [error] [exception.CHttpException.404] exception 'CHttpException' with message 'Hệ thống không thể tìm được hành động yêu cầu "index".' in E:\Profiles\SmallOT\appsmini\source\vendors\yiisoft\yii\framework\web\CController.php:483
Stack trace:
#0 E:\Profiles\SmallOT\appsmini\source\vendors\yiisoft\yii\framework\web\CController.php(270): CController->missingAction('')
#1 E:\Profiles\SmallOT\appsmini\source\vendors\yiisoft\yii\framework\web\CWebApplication.php(282): CController->run('')
#2 E:\Profiles\SmallOT\appsmini\source\vendors\yiisoft\yii\framework\web\CWebApplication.php(141): CWebApplication->runController('toshiba')
#3 E:\Profiles\SmallOT\appsmini\source\vendors\yiisoft\yii\framework\base\CApplication.php(180): CWebApplication->processRequest()
#4 E:\Profiles\SmallOT\appsmini\index.php(15): CApplication->run()
#5 {main}
REQUEST_URI=/toshiba
---
2014/03/22 14:23:52 [error] [exception.CHttpException.404] exception 'CHttpException' with message 'Hệ thống không thể tìm được hành động yêu cầu "index".' in E:\Profiles\SmallOT\appsmini\source\vendors\yiisoft\yii\framework\web\CController.php:483
Stack trace:
#0 E:\Profiles\SmallOT\appsmini\source\vendors\yiisoft\yii\framework\web\CController.php(270): CController->missingAction('')
#1 E:\Profiles\SmallOT\appsmini\source\vendors\yiisoft\yii\framework\web\CWebApplication.php(282): CController->run('')
#2 E:\Profiles\SmallOT\appsmini\source\vendors\yiisoft\yii\framework\web\CWebApplication.php(141): CWebApplication->runController('toshiba')
#3 E:\Profiles\SmallOT\appsmini\source\vendors\yiisoft\yii\framework\base\CApplication.php(180): CWebApplication->processRequest()
#4 E:\Profiles\SmallOT\appsmini\index.php(15): CApplication->run()
#5 {main}
REQUEST_URI=/toshiba
---
2014/03/22 14:24:16 [error] [exception.CHttpException.404] exception 'CHttpException' with message 'Hệ thống không thể tìm được hành động yêu cầu "index".' in E:\Profiles\SmallOT\appsmini\source\vendors\yiisoft\yii\framework\web\CController.php:483
Stack trace:
#0 E:\Profiles\SmallOT\appsmini\source\vendors\yiisoft\yii\framework\web\CController.php(270): CController->missingAction('')
#1 E:\Profiles\SmallOT\appsmini\source\vendors\yiisoft\yii\framework\web\CWebApplication.php(282): CController->run('')
#2 E:\Profiles\SmallOT\appsmini\source\vendors\yiisoft\yii\framework\web\CWebApplication.php(141): CWebApplication->runController('toshiba')
#3 E:\Profiles\SmallOT\appsmini\source\vendors\yiisoft\yii\framework\base\CApplication.php(180): CWebApplication->processRequest()
#4 E:\Profiles\SmallOT\appsmini\index.php(15): CApplication->run()
#5 {main}
REQUEST_URI=/toshiba
---
